C:\Users\shahmna\Documents\Workspace\git\Prototype\Schaeffler.NetCore.ProblemSolving\WebApp\app\app.component.js
C:\Users\shahmna\Documents\Workspace\git\Prototype\Schaeffler.NetCore.ProblemSolving\WebApp\app\app.component.js.map
C:\Users\shahmna\Documents\Workspace\git\Prototype\Schaeffler.NetCore.ProblemSolving\WebApp\app\app.routes.js
C:\Users\shahmna\Documents\Workspace\git\Prototype\Schaeffler.NetCore.ProblemSolving\WebApp\app\app.routes.js.map
C:\Users\shahmna\Documents\Workspace\git\Prototype\Schaeffler.NetCore.ProblemSolving\WebApp\app\app.constants.js
C:\Users\shahmna\Documents\Workspace\git\Prototype\Schaeffler.NetCore.ProblemSolving\WebApp\app\app.constants.js.map
C:\Users\shahmna\Documents\Workspace\git\Prototype\Schaeffler.NetCore.ProblemSolving\WebApp\app\models\thing.js
C:\Users\shahmna\Documents\Workspace\git\Prototype\Schaeffler.NetCore.ProblemSolving\WebApp\app\models\thing.js.map
C:\Users\shahmna\Documents\Workspace\git\Prototype\Schaeffler.NetCore.ProblemSolving\WebApp\app\core\services\thing-data.service.js
C:\Users\shahmna\Documents\Workspace\git\Prototype\Schaeffler.NetCore.ProblemSolving\WebApp\app\core\services\thing-data.service.js.map
C:\Users\shahmna\Documents\Workspace\git\Prototype\Schaeffler.NetCore.ProblemSolving\WebApp\app\core\core.module.js
C:\Users\shahmna\Documents\Workspace\git\Prototype\Schaeffler.NetCore.ProblemSolving\WebApp\app\core\core.module.js.map
C:\Users\shahmna\Documents\Workspace\git\Prototype\Schaeffler.NetCore.ProblemSolving\WebApp\app\home\components\customer-register.component.js
C:\Users\shahmna\Documents\Workspace\git\Prototype\Schaeffler.NetCore.ProblemSolving\WebApp\app\home\components\customer-register.component.js.map
C:\Users\shahmna\Documents\Workspace\git\Prototype\Schaeffler.NetCore.ProblemSolving\WebApp\app\home\components\sappart-selector.component.js
C:\Users\shahmna\Documents\Workspace\git\Prototype\Schaeffler.NetCore.ProblemSolving\WebApp\app\home\components\sappart-selector.component.js.map
C:\Users\shahmna\Documents\Workspace\git\Prototype\Schaeffler.NetCore.ProblemSolving\WebApp\app\home\components\home.component.js
C:\Users\shahmna\Documents\Workspace\git\Prototype\Schaeffler.NetCore.ProblemSolving\WebApp\app\home\components\home.component.js.map
C:\Users\shahmna\Documents\Workspace\git\Prototype\Schaeffler.NetCore.ProblemSolving\WebApp\app\home\home.routes.js
C:\Users\shahmna\Documents\Workspace\git\Prototype\Schaeffler.NetCore.ProblemSolving\WebApp\app\home\home.routes.js.map
C:\Users\shahmna\Documents\Workspace\git\Prototype\Schaeffler.NetCore.ProblemSolving\WebApp\app\home\home.module.js
C:\Users\shahmna\Documents\Workspace\git\Prototype\Schaeffler.NetCore.ProblemSolving\WebApp\app\home\home.module.js.map
C:\Users\shahmna\Documents\Workspace\git\Prototype\Schaeffler.NetCore.ProblemSolving\WebApp\app\shared\components\sidebar\sidebar.component.js
C:\Users\shahmna\Documents\Workspace\git\Prototype\Schaeffler.NetCore.ProblemSolving\WebApp\app\shared\components\sidebar\sidebar.component.js.map
C:\Users\shahmna\Documents\Workspace\git\Prototype\Schaeffler.NetCore.ProblemSolving\WebApp\app\shared\components\navbar\navbar.component.js
C:\Users\shahmna\Documents\Workspace\git\Prototype\Schaeffler.NetCore.ProblemSolving\WebApp\app\shared\components\navbar\navbar.component.js.map
C:\Users\shahmna\Documents\Workspace\git\Prototype\Schaeffler.NetCore.ProblemSolving\WebApp\app\shared\shared.module.js
C:\Users\shahmna\Documents\Workspace\git\Prototype\Schaeffler.NetCore.ProblemSolving\WebApp\app\shared\shared.module.js.map
C:\Users\shahmna\Documents\Workspace\git\Prototype\Schaeffler.NetCore.ProblemSolving\WebApp\app\app.module.js
C:\Users\shahmna\Documents\Workspace\git\Prototype\Schaeffler.NetCore.ProblemSolving\WebApp\app\app.module.js.map
C:\Users\shahmna\Documents\Workspace\git\Prototype\Schaeffler.NetCore.ProblemSolving\WebApp\main.js
C:\Users\shahmna\Documents\Workspace\git\Prototype\Schaeffler.NetCore.ProblemSolving\WebApp\main.js.map
C:\Users\shahmna\Documents\Workspace\git\Prototype\Schaeffler.NetCore.ProblemSolving\WebApp\polyfills.js
C:\Users\shahmna\Documents\Workspace\git\Prototype\Schaeffler.NetCore.ProblemSolving\WebApp\polyfills.js.map
C:\Users\shahmna\Documents\Workspace\git\Prototype\Schaeffler.NetCore.ProblemSolving\WebApp\vendor.js
C:\Users\shahmna\Documents\Workspace\git\Prototype\Schaeffler.NetCore.ProblemSolving\WebApp\vendor.js.map
C:\Users\shahmna\Documents\Workspace\git\Prototype\Schaeffler.NetCore.ProblemSolving\WebApp\app\core\services\http.service.ts.js
C:\Users\shahmna\Documents\Workspace\git\Prototype\Schaeffler.NetCore.ProblemSolving\WebApp\app\core\services\http.service.ts.js.map
C:\Users\shahmna\Documents\Workspace\git\Prototype\Schaeffler.NetCore.ProblemSolving\WebApp\app\about\components\about.component.js
C:\Users\shahmna\Documents\Workspace\git\Prototype\Schaeffler.NetCore.ProblemSolving\WebApp\app\about\components\about.component.js.map
C:\Users\shahmna\Documents\Workspace\git\Prototype\Schaeffler.NetCore.ProblemSolving\WebApp\app\about\about.routes.js
C:\Users\shahmna\Documents\Workspace\git\Prototype\Schaeffler.NetCore.ProblemSolving\WebApp\app\about\about.routes.js.map
C:\Users\shahmna\Documents\Workspace\git\Prototype\Schaeffler.NetCore.ProblemSolving\WebApp\app\about\about.module.js
C:\Users\shahmna\Documents\Workspace\git\Prototype\Schaeffler.NetCore.ProblemSolving\WebApp\app\about\about.module.js.map
C:\Users\shahmna\Documents\Workspace\git\Prototype\Schaeffler.NetCore.ProblemSolving\WebApp\app\app.component.js
C:\Users\shahmna\Documents\Workspace\git\Prototype\Schaeffler.NetCore.ProblemSolving\WebApp\app\app.component.js.map
C:\Users\shahmna\Documents\Workspace\git\Prototype\Schaeffler.NetCore.ProblemSolving\WebApp\app\app.routes.js
C:\Users\shahmna\Documents\Workspace\git\Prototype\Schaeffler.NetCore.ProblemSolving\WebApp\app\app.routes.js.map
C:\Users\shahmna\Documents\Workspace\git\Prototype\Schaeffler.NetCore.ProblemSolving\WebApp\app\app.constants.js
C:\Users\shahmna\Documents\Workspace\git\Prototype\Schaeffler.NetCore.ProblemSolving\WebApp\app\app.constants.js.map
C:\Users\shahmna\Documents\Workspace\git\Prototype\Schaeffler.NetCore.ProblemSolving\WebApp\app\models\thing.js
C:\Users\shahmna\Documents\Workspace\git\Prototype\Schaeffler.NetCore.ProblemSolving\WebApp\app\models\thing.js.map
C:\Users\shahmna\Documents\Workspace\git\Prototype\Schaeffler.NetCore.ProblemSolving\WebApp\app\core\services\thing-data.service.js
C:\Users\shahmna\Documents\Workspace\git\Prototype\Schaeffler.NetCore.ProblemSolving\WebApp\app\core\services\thing-data.service.js.map
C:\Users\shahmna\Documents\Workspace\git\Prototype\Schaeffler.NetCore.ProblemSolving\WebApp\app\core\core.module.js
C:\Users\shahmna\Documents\Workspace\git\Prototype\Schaeffler.NetCore.ProblemSolving\WebApp\app\core\core.module.js.map
C:\Users\shahmna\Documents\Workspace\git\Prototype\Schaeffler.NetCore.ProblemSolving\WebApp\app\home\components\customer-register.component.js
C:\Users\shahmna\Documents\Workspace\git\Prototype\Schaeffler.NetCore.ProblemSolving\WebApp\app\home\components\customer-register.component.js.map
C:\Users\shahmna\Documents\Workspace\git\Prototype\Schaeffler.NetCore.ProblemSolving\WebApp\app\home\components\sappart-selector.component.js
C:\Users\shahmna\Documents\Workspace\git\Prototype\Schaeffler.NetCore.ProblemSolving\WebApp\app\home\components\sappart-selector.component.js.map
C:\Users\shahmna\Documents\Workspace\git\Prototype\Schaeffler.NetCore.ProblemSolving\WebApp\app\home\components\home.component.js
C:\Users\shahmna\Documents\Workspace\git\Prototype\Schaeffler.NetCore.ProblemSolving\WebApp\app\home\components\home.component.js.map
C:\Users\shahmna\Documents\Workspace\git\Prototype\Schaeffler.NetCore.ProblemSolving\WebApp\app\home\home.routes.js
C:\Users\shahmna\Documents\Workspace\git\Prototype\Schaeffler.NetCore.ProblemSolving\WebApp\app\home\home.routes.js.map
C:\Users\shahmna\Documents\Workspace\git\Prototype\Schaeffler.NetCore.ProblemSolving\WebApp\app\home\home.module.js
C:\Users\shahmna\Documents\Workspace\git\Prototype\Schaeffler.NetCore.ProblemSolving\WebApp\app\home\home.module.js.map
C:\Users\shahmna\Documents\Workspace\git\Prototype\Schaeffler.NetCore.ProblemSolving\WebApp\app\shared\components\sidebar\sidebar.component.js
C:\Users\shahmna\Documents\Workspace\git\Prototype\Schaeffler.NetCore.ProblemSolving\WebApp\app\shared\components\sidebar\sidebar.component.js.map
C:\Users\shahmna\Documents\Workspace\git\Prototype\Schaeffler.NetCore.ProblemSolving\WebApp\app\shared\components\navbar\navbar.component.js
C:\Users\shahmna\Documents\Workspace\git\Prototype\Schaeffler.NetCore.ProblemSolving\WebApp\app\shared\components\navbar\navbar.component.js.map
C:\Users\shahmna\Documents\Workspace\git\Prototype\Schaeffler.NetCore.ProblemSolving\WebApp\app\shared\shared.module.js
C:\Users\shahmna\Documents\Workspace\git\Prototype\Schaeffler.NetCore.ProblemSolving\WebApp\app\shared\shared.module.js.map
C:\Users\shahmna\Documents\Workspace\git\Prototype\Schaeffler.NetCore.ProblemSolving\WebApp\app\app.module.js
C:\Users\shahmna\Documents\Workspace\git\Prototype\Schaeffler.NetCore.ProblemSolving\WebApp\app\app.module.js.map
C:\Users\shahmna\Documents\Workspace\git\Prototype\Schaeffler.NetCore.ProblemSolving\WebApp\main.js
C:\Users\shahmna\Documents\Workspace\git\Prototype\Schaeffler.NetCore.ProblemSolving\WebApp\main.js.map
C:\Users\shahmna\Documents\Workspace\git\Prototype\Schaeffler.NetCore.ProblemSolving\WebApp\polyfills.js
C:\Users\shahmna\Documents\Workspace\git\Prototype\Schaeffler.NetCore.ProblemSolving\WebApp\polyfills.js.map
C:\Users\shahmna\Documents\Workspace\git\Prototype\Schaeffler.NetCore.ProblemSolving\WebApp\vendor.js
C:\Users\shahmna\Documents\Workspace\git\Prototype\Schaeffler.NetCore.ProblemSolving\WebApp\vendor.js.map
C:\Users\shahmna\Documents\Workspace\git\Prototype\Schaeffler.NetCore.ProblemSolving\WebApp\app\core\services\http.service.ts.js
C:\Users\shahmna\Documents\Workspace\git\Prototype\Schaeffler.NetCore.ProblemSolving\WebApp\app\core\services\http.service.ts.js.map
C:\Users\shahmna\Documents\Workspace\git\Prototype\Schaeffler.NetCore.ProblemSolving\WebApp\app\about\components\about.component.js
C:\Users\shahmna\Documents\Workspace\git\Prototype\Schaeffler.NetCore.ProblemSolving\WebApp\app\about\components\about.component.js.map
C:\Users\shahmna\Documents\Workspace\git\Prototype\Schaeffler.NetCore.ProblemSolving\WebApp\app\about\about.routes.js
C:\Users\shahmna\Documents\Workspace\git\Prototype\Schaeffler.NetCore.ProblemSolving\WebApp\app\about\about.routes.js.map
C:\Users\shahmna\Documents\Workspace\git\Prototype\Schaeffler.NetCore.ProblemSolving\WebApp\app\about\about.module.js
C:\Users\shahmna\Documents\Workspace\git\Prototype\Schaeffler.NetCore.ProblemSolving\WebApp\app\about\about.module.js.map
C:\Users\shahmna\Documents\Workspace\git\Prototype\Schaeffler.NetCore.ProblemSolving\WebApp\app\app.component.js
C:\Users\shahmna\Documents\Workspace\git\Prototype\Schaeffler.NetCore.ProblemSolving\WebApp\app\app.component.js.map
C:\Users\shahmna\Documents\Workspace\git\Prototype\Schaeffler.NetCore.ProblemSolving\WebApp\app\app.routes.js
C:\Users\shahmna\Documents\Workspace\git\Prototype\Schaeffler.NetCore.ProblemSolving\WebApp\app\app.routes.js.map
C:\Users\shahmna\Documents\Workspace\git\Prototype\Schaeffler.NetCore.ProblemSolving\WebApp\app\app.constants.js
C:\Users\shahmna\Documents\Workspace\git\Prototype\Schaeffler.NetCore.ProblemSolving\WebApp\app\app.constants.js.map
C:\Users\shahmna\Documents\Workspace\git\Prototype\Schaeffler.NetCore.ProblemSolving\WebApp\app\models\thing.js
C:\Users\shahmna\Documents\Workspace\git\Prototype\Schaeffler.NetCore.ProblemSolving\WebApp\app\models\thing.js.map
C:\Users\shahmna\Documents\Workspace\git\Prototype\Schaeffler.NetCore.ProblemSolving\WebApp\app\core\services\thing-data.service.js
C:\Users\shahmna\Documents\Workspace\git\Prototype\Schaeffler.NetCore.ProblemSolving\WebApp\app\core\services\thing-data.service.js.map
C:\Users\shahmna\Documents\Workspace\git\Prototype\Schaeffler.NetCore.ProblemSolving\WebApp\app\core\core.module.js
C:\Users\shahmna\Documents\Workspace\git\Prototype\Schaeffler.NetCore.ProblemSolving\WebApp\app\core\core.module.js.map
C:\Users\shahmna\Documents\Workspace\git\Prototype\Schaeffler.NetCore.ProblemSolving\WebApp\app\home\components\customer-register.component.js
C:\Users\shahmna\Documents\Workspace\git\Prototype\Schaeffler.NetCore.ProblemSolving\WebApp\app\home\components\customer-register.component.js.map
C:\Users\shahmna\Documents\Workspace\git\Prototype\Schaeffler.NetCore.ProblemSolving\WebApp\app\home\components\sappart-selector.component.js
C:\Users\shahmna\Documents\Workspace\git\Prototype\Schaeffler.NetCore.ProblemSolving\WebApp\app\home\components\sappart-selector.component.js.map
C:\Users\shahmna\Documents\Workspace\git\Prototype\Schaeffler.NetCore.ProblemSolving\WebApp\app\home\components\home.component.js
C:\Users\shahmna\Documents\Workspace\git\Prototype\Schaeffler.NetCore.ProblemSolving\WebApp\app\home\components\home.component.js.map
C:\Users\shahmna\Documents\Workspace\git\Prototype\Schaeffler.NetCore.ProblemSolving\WebApp\app\home\home.routes.js
C:\Users\shahmna\Documents\Workspace\git\Prototype\Schaeffler.NetCore.ProblemSolving\WebApp\app\home\home.routes.js.map
C:\Users\shahmna\Documents\Workspace\git\Prototype\Schaeffler.NetCore.ProblemSolving\WebApp\app\home\home.module.js
C:\Users\shahmna\Documents\Workspace\git\Prototype\Schaeffler.NetCore.ProblemSolving\WebApp\app\home\home.module.js.map
C:\Users\shahmna\Documents\Workspace\git\Prototype\Schaeffler.NetCore.ProblemSolving\WebApp\app\shared\components\sidebar\sidebar.component.js
C:\Users\shahmna\Documents\Workspace\git\Prototype\Schaeffler.NetCore.ProblemSolving\WebApp\app\shared\components\sidebar\sidebar.component.js.map
C:\Users\shahmna\Documents\Workspace\git\Prototype\Schaeffler.NetCore.ProblemSolving\WebApp\app\shared\components\navbar\navbar.component.js
C:\Users\shahmna\Documents\Workspace\git\Prototype\Schaeffler.NetCore.ProblemSolving\WebApp\app\shared\components\navbar\navbar.component.js.map
C:\Users\shahmna\Documents\Workspace\git\Prototype\Schaeffler.NetCore.ProblemSolving\WebApp\app\shared\shared.module.js
C:\Users\shahmna\Documents\Workspace\git\Prototype\Schaeffler.NetCore.ProblemSolving\WebApp\app\shared\shared.module.js.map
C:\Users\shahmna\Documents\Workspace\git\Prototype\Schaeffler.NetCore.ProblemSolving\WebApp\app\app.module.js
C:\Users\shahmna\Documents\Workspace\git\Prototype\Schaeffler.NetCore.ProblemSolving\WebApp\app\app.module.js.map
C:\Users\shahmna\Documents\Workspace\git\Prototype\Schaeffler.NetCore.ProblemSolving\WebApp\main.js
C:\Users\shahmna\Documents\Workspace\git\Prototype\Schaeffler.NetCore.ProblemSolving\WebApp\main.js.map
C:\Users\shahmna\Documents\Workspace\git\Prototype\Schaeffler.NetCore.ProblemSolving\WebApp\polyfills.js
C:\Users\shahmna\Documents\Workspace\git\Prototype\Schaeffler.NetCore.ProblemSolving\WebApp\polyfills.js.map
C:\Users\shahmna\Documents\Workspace\git\Prototype\Schaeffler.NetCore.ProblemSolving\WebApp\vendor.js
C:\Users\shahmna\Documents\Workspace\git\Prototype\Schaeffler.NetCore.ProblemSolving\WebApp\vendor.js.map
C:\Users\shahmna\Documents\Workspace\git\Prototype\Schaeffler.NetCore.ProblemSolving\WebApp\app\core\services\http.service.ts.js
C:\Users\shahmna\Documents\Workspace\git\Prototype\Schaeffler.NetCore.ProblemSolving\WebApp\app\core\services\http.service.ts.js.map
C:\Users\shahmna\Documents\Workspace\git\Prototype\Schaeffler.NetCore.ProblemSolving\WebApp\app\about\components\about.component.js
C:\Users\shahmna\Documents\Workspace\git\Prototype\Schaeffler.NetCore.ProblemSolving\WebApp\app\about\components\about.component.js.map
C:\Users\shahmna\Documents\Workspace\git\Prototype\Schaeffler.NetCore.ProblemSolving\WebApp\app\about\about.routes.js
C:\Users\shahmna\Documents\Workspace\git\Prototype\Schaeffler.NetCore.ProblemSolving\WebApp\app\about\about.routes.js.map
C:\Users\shahmna\Documents\Workspace\git\Prototype\Schaeffler.NetCore.ProblemSolving\WebApp\app\about\about.module.js
C:\Users\shahmna\Documents\Workspace\git\Prototype\Schaeffler.NetCore.ProblemSolving\WebApp\app\about\about.module.js.map
C:\Users\shahmna\Documents\Workspace\git\Prototype\Schaeffler.NetCore.ProblemSolving\WebApp\app\app.component.js
C:\Users\shahmna\Documents\Workspace\git\Prototype\Schaeffler.NetCore.ProblemSolving\WebApp\app\app.component.js.map
C:\Users\shahmna\Documents\Workspace\git\Prototype\Schaeffler.NetCore.ProblemSolving\WebApp\app\app.routes.js
C:\Users\shahmna\Documents\Workspace\git\Prototype\Schaeffler.NetCore.ProblemSolving\WebApp\app\app.routes.js.map
C:\Users\shahmna\Documents\Workspace\git\Prototype\Schaeffler.NetCore.ProblemSolving\WebApp\app\app.constants.js
C:\Users\shahmna\Documents\Workspace\git\Prototype\Schaeffler.NetCore.ProblemSolving\WebApp\app\app.constants.js.map
C:\Users\shahmna\Documents\Workspace\git\Prototype\Schaeffler.NetCore.ProblemSolving\WebApp\app\models\thing.js
C:\Users\shahmna\Documents\Workspace\git\Prototype\Schaeffler.NetCore.ProblemSolving\WebApp\app\models\thing.js.map
C:\Users\shahmna\Documents\Workspace\git\Prototype\Schaeffler.NetCore.ProblemSolving\WebApp\app\core\services\thing-data.service.js
C:\Users\shahmna\Documents\Workspace\git\Prototype\Schaeffler.NetCore.ProblemSolving\WebApp\app\core\services\thing-data.service.js.map
C:\Users\shahmna\Documents\Workspace\git\Prototype\Schaeffler.NetCore.ProblemSolving\WebApp\app\core\core.module.js
C:\Users\shahmna\Documents\Workspace\git\Prototype\Schaeffler.NetCore.ProblemSolving\WebApp\app\core\core.module.js.map
C:\Users\shahmna\Documents\Workspace\git\Prototype\Schaeffler.NetCore.ProblemSolving\WebApp\app\home\components\customer-register.component.js
C:\Users\shahmna\Documents\Workspace\git\Prototype\Schaeffler.NetCore.ProblemSolving\WebApp\app\home\components\customer-register.component.js.map
C:\Users\shahmna\Documents\Workspace\git\Prototype\Schaeffler.NetCore.ProblemSolving\WebApp\app\home\components\sappart-selector.component.js
C:\Users\shahmna\Documents\Workspace\git\Prototype\Schaeffler.NetCore.ProblemSolving\WebApp\app\home\components\sappart-selector.component.js.map
C:\Users\shahmna\Documents\Workspace\git\Prototype\Schaeffler.NetCore.ProblemSolving\WebApp\app\home\components\home.component.js
C:\Users\shahmna\Documents\Workspace\git\Prototype\Schaeffler.NetCore.ProblemSolving\WebApp\app\home\components\home.component.js.map
C:\Users\shahmna\Documents\Workspace\git\Prototype\Schaeffler.NetCore.ProblemSolving\WebApp\app\home\home.routes.js
C:\Users\shahmna\Documents\Workspace\git\Prototype\Schaeffler.NetCore.ProblemSolving\WebApp\app\home\home.routes.js.map
C:\Users\shahmna\Documents\Workspace\git\Prototype\Schaeffler.NetCore.ProblemSolving\WebApp\app\home\home.module.js
C:\Users\shahmna\Documents\Workspace\git\Prototype\Schaeffler.NetCore.ProblemSolving\WebApp\app\home\home.module.js.map
C:\Users\shahmna\Documents\Workspace\git\Prototype\Schaeffler.NetCore.ProblemSolving\WebApp\app\shared\components\sidebar\sidebar.component.js
C:\Users\shahmna\Documents\Workspace\git\Prototype\Schaeffler.NetCore.ProblemSolving\WebApp\app\shared\components\sidebar\sidebar.component.js.map
C:\Users\shahmna\Documents\Workspace\git\Prototype\Schaeffler.NetCore.ProblemSolving\WebApp\app\shared\components\navbar\navbar.component.js
C:\Users\shahmna\Documents\Workspace\git\Prototype\Schaeffler.NetCore.ProblemSolving\WebApp\app\shared\components\navbar\navbar.component.js.map
C:\Users\shahmna\Documents\Workspace\git\Prototype\Schaeffler.NetCore.ProblemSolving\WebApp\app\shared\shared.module.js
C:\Users\shahmna\Documents\Workspace\git\Prototype\Schaeffler.NetCore.ProblemSolving\WebApp\app\shared\shared.module.js.map
C:\Users\shahmna\Documents\Workspace\git\Prototype\Schaeffler.NetCore.ProblemSolving\WebApp\app\app.module.js
C:\Users\shahmna\Documents\Workspace\git\Prototype\Schaeffler.NetCore.ProblemSolving\WebApp\app\app.module.js.map
C:\Users\shahmna\Documents\Workspace\git\Prototype\Schaeffler.NetCore.ProblemSolving\WebApp\main.js
C:\Users\shahmna\Documents\Workspace\git\Prototype\Schaeffler.NetCore.ProblemSolving\WebApp\main.js.map
C:\Users\shahmna\Documents\Workspace\git\Prototype\Schaeffler.NetCore.ProblemSolving\WebApp\polyfills.js
C:\Users\shahmna\Documents\Workspace\git\Prototype\Schaeffler.NetCore.ProblemSolving\WebApp\polyfills.js.map
C:\Users\shahmna\Documents\Workspace\git\Prototype\Schaeffler.NetCore.ProblemSolving\WebApp\vendor.js
C:\Users\shahmna\Documents\Workspace\git\Prototype\Schaeffler.NetCore.ProblemSolving\WebApp\vendor.js.map
C:\Users\shahmna\Documents\Workspace\git\Prototype\Schaeffler.NetCore.ProblemSolving\WebApp\app\core\services\http.service.ts.js
C:\Users\shahmna\Documents\Workspace\git\Prototype\Schaeffler.NetCore.ProblemSolving\WebApp\app\core\services\http.service.ts.js.map
C:\Users\shahmna\Documents\Workspace\git\Prototype\Schaeffler.NetCore.ProblemSolving\WebApp\app\about\components\about.component.js
C:\Users\shahmna\Documents\Workspace\git\Prototype\Schaeffler.NetCore.ProblemSolving\WebApp\app\about\components\about.component.js.map
C:\Users\shahmna\Documents\Workspace\git\Prototype\Schaeffler.NetCore.ProblemSolving\WebApp\app\about\about.routes.js
C:\Users\shahmna\Documents\Workspace\git\Prototype\Schaeffler.NetCore.ProblemSolving\WebApp\app\about\about.routes.js.map
C:\Users\shahmna\Documents\Workspace\git\Prototype\Schaeffler.NetCore.ProblemSolving\WebApp\app\about\about.module.js
C:\Users\shahmna\Documents\Workspace\git\Prototype\Schaeffler.NetCore.ProblemSolving\WebApp\app\about\about.module.js.map
C:\Users\shahmna\Documents\Workspace\git\Prototype\Schaeffler.NetCore.ProblemSolving\WebApp\app\app.component.js
C:\Users\shahmna\Documents\Workspace\git\Prototype\Schaeffler.NetCore.ProblemSolving\WebApp\app\app.component.js.map
C:\Users\shahmna\Documents\Workspace\git\Prototype\Schaeffler.NetCore.ProblemSolving\WebApp\app\app.routes.js
C:\Users\shahmna\Documents\Workspace\git\Prototype\Schaeffler.NetCore.ProblemSolving\WebApp\app\app.routes.js.map
C:\Users\shahmna\Documents\Workspace\git\Prototype\Schaeffler.NetCore.ProblemSolving\WebApp\app\app.constants.js
C:\Users\shahmna\Documents\Workspace\git\Prototype\Schaeffler.NetCore.ProblemSolving\WebApp\app\app.constants.js.map
C:\Users\shahmna\Documents\Workspace\git\Prototype\Schaeffler.NetCore.ProblemSolving\WebApp\app\models\thing.js
C:\Users\shahmna\Documents\Workspace\git\Prototype\Schaeffler.NetCore.ProblemSolving\WebApp\app\models\thing.js.map
C:\Users\shahmna\Documents\Workspace\git\Prototype\Schaeffler.NetCore.ProblemSolving\WebApp\app\core\services\thing-data.service.js
C:\Users\shahmna\Documents\Workspace\git\Prototype\Schaeffler.NetCore.ProblemSolving\WebApp\app\core\services\thing-data.service.js.map
C:\Users\shahmna\Documents\Workspace\git\Prototype\Schaeffler.NetCore.ProblemSolving\WebApp\app\core\core.module.js
C:\Users\shahmna\Documents\Workspace\git\Prototype\Schaeffler.NetCore.ProblemSolving\WebApp\app\core\core.module.js.map
C:\Users\shahmna\Documents\Workspace\git\Prototype\Schaeffler.NetCore.ProblemSolving\WebApp\app\home\components\customer-register.component.js
C:\Users\shahmna\Documents\Workspace\git\Prototype\Schaeffler.NetCore.ProblemSolving\WebApp\app\home\components\customer-register.component.js.map
C:\Users\shahmna\Documents\Workspace\git\Prototype\Schaeffler.NetCore.ProblemSolving\WebApp\app\home\components\sappart-selector.component.js
C:\Users\shahmna\Documents\Workspace\git\Prototype\Schaeffler.NetCore.ProblemSolving\WebApp\app\home\components\sappart-selector.component.js.map
C:\Users\shahmna\Documents\Workspace\git\Prototype\Schaeffler.NetCore.ProblemSolving\WebApp\app\home\components\home.component.js
C:\Users\shahmna\Documents\Workspace\git\Prototype\Schaeffler.NetCore.ProblemSolving\WebApp\app\home\components\home.component.js.map
C:\Users\shahmna\Documents\Workspace\git\Prototype\Schaeffler.NetCore.ProblemSolving\WebApp\app\home\home.routes.js
C:\Users\shahmna\Documents\Workspace\git\Prototype\Schaeffler.NetCore.ProblemSolving\WebApp\app\home\home.routes.js.map
C:\Users\shahmna\Documents\Workspace\git\Prototype\Schaeffler.NetCore.ProblemSolving\WebApp\app\home\home.module.js
C:\Users\shahmna\Documents\Workspace\git\Prototype\Schaeffler.NetCore.ProblemSolving\WebApp\app\home\home.module.js.map
C:\Users\shahmna\Documents\Workspace\git\Prototype\Schaeffler.NetCore.ProblemSolving\WebApp\app\shared\components\sidebar\sidebar.component.js
C:\Users\shahmna\Documents\Workspace\git\Prototype\Schaeffler.NetCore.ProblemSolving\WebApp\app\shared\components\sidebar\sidebar.component.js.map
C:\Users\shahmna\Documents\Workspace\git\Prototype\Schaeffler.NetCore.ProblemSolving\WebApp\app\shared\components\navbar\navbar.component.js
C:\Users\shahmna\Documents\Workspace\git\Prototype\Schaeffler.NetCore.ProblemSolving\WebApp\app\shared\components\navbar\navbar.component.js.map
C:\Users\shahmna\Documents\Workspace\git\Prototype\Schaeffler.NetCore.ProblemSolving\WebApp\app\shared\shared.module.js
C:\Users\shahmna\Documents\Workspace\git\Prototype\Schaeffler.NetCore.ProblemSolving\WebApp\app\shared\shared.module.js.map
C:\Users\shahmna\Documents\Workspace\git\Prototype\Schaeffler.NetCore.ProblemSolving\WebApp\app\app.module.js
C:\Users\shahmna\Documents\Workspace\git\Prototype\Schaeffler.NetCore.ProblemSolving\WebApp\app\app.module.js.map
C:\Users\shahmna\Documents\Workspace\git\Prototype\Schaeffler.NetCore.ProblemSolving\WebApp\main.js
C:\Users\shahmna\Documents\Workspace\git\Prototype\Schaeffler.NetCore.ProblemSolving\WebApp\main.js.map
C:\Users\shahmna\Documents\Workspace\git\Prototype\Schaeffler.NetCore.ProblemSolving\WebApp\polyfills.js
C:\Users\shahmna\Documents\Workspace\git\Prototype\Schaeffler.NetCore.ProblemSolving\WebApp\polyfills.js.map
C:\Users\shahmna\Documents\Workspace\git\Prototype\Schaeffler.NetCore.ProblemSolving\WebApp\vendor.js
C:\Users\shahmna\Documents\Workspace\git\Prototype\Schaeffler.NetCore.ProblemSolving\WebApp\vendor.js.map
C:\Users\shahmna\Documents\Workspace\git\Prototype\Schaeffler.NetCore.ProblemSolving\WebApp\app\core\services\http.service.ts.js
C:\Users\shahmna\Documents\Workspace\git\Prototype\Schaeffler.NetCore.ProblemSolving\WebApp\app\core\services\http.service.ts.js.map
C:\Users\shahmna\Documents\Workspace\git\Prototype\Schaeffler.NetCore.ProblemSolving\WebApp\app\about\components\about.component.js
C:\Users\shahmna\Documents\Workspace\git\Prototype\Schaeffler.NetCore.ProblemSolving\WebApp\app\about\components\about.component.js.map
C:\Users\shahmna\Documents\Workspace\git\Prototype\Schaeffler.NetCore.ProblemSolving\WebApp\app\about\about.routes.js
C:\Users\shahmna\Documents\Workspace\git\Prototype\Schaeffler.NetCore.ProblemSolving\WebApp\app\about\about.routes.js.map
C:\Users\shahmna\Documents\Workspace\git\Prototype\Schaeffler.NetCore.ProblemSolving\WebApp\app\about\about.module.js
C:\Users\shahmna\Documents\Workspace\git\Prototype\Schaeffler.NetCore.ProblemSolving\WebApp\app\about\about.module.js.map
C:\Users\shahmna\Documents\Workspace\git\Prototype\Schaeffler.NetCore.ProblemSolving\WebApp\app\app.component.js
C:\Users\shahmna\Documents\Workspace\git\Prototype\Schaeffler.NetCore.ProblemSolving\WebApp\app\app.component.js.map
C:\Users\shahmna\Documents\Workspace\git\Prototype\Schaeffler.NetCore.ProblemSolving\WebApp\app\app.routes.js
C:\Users\shahmna\Documents\Workspace\git\Prototype\Schaeffler.NetCore.ProblemSolving\WebApp\app\app.routes.js.map
C:\Users\shahmna\Documents\Workspace\git\Prototype\Schaeffler.NetCore.ProblemSolving\WebApp\app\app.constants.js
C:\Users\shahmna\Documents\Workspace\git\Prototype\Schaeffler.NetCore.ProblemSolving\WebApp\app\app.constants.js.map
C:\Users\shahmna\Documents\Workspace\git\Prototype\Schaeffler.NetCore.ProblemSolving\WebApp\app\models\thing.js
C:\Users\shahmna\Documents\Workspace\git\Prototype\Schaeffler.NetCore.ProblemSolving\WebApp\app\models\thing.js.map
C:\Users\shahmna\Documents\Workspace\git\Prototype\Schaeffler.NetCore.ProblemSolving\WebApp\app\core\services\thing-data.service.js
C:\Users\shahmna\Documents\Workspace\git\Prototype\Schaeffler.NetCore.ProblemSolving\WebApp\app\core\services\thing-data.service.js.map
C:\Users\shahmna\Documents\Workspace\git\Prototype\Schaeffler.NetCore.ProblemSolving\WebApp\app\core\core.module.js
C:\Users\shahmna\Documents\Workspace\git\Prototype\Schaeffler.NetCore.ProblemSolving\WebApp\app\core\core.module.js.map
C:\Users\shahmna\Documents\Workspace\git\Prototype\Schaeffler.NetCore.ProblemSolving\WebApp\app\home\components\customer-register.component.js
C:\Users\shahmna\Documents\Workspace\git\Prototype\Schaeffler.NetCore.ProblemSolving\WebApp\app\home\components\customer-register.component.js.map
C:\Users\shahmna\Documents\Workspace\git\Prototype\Schaeffler.NetCore.ProblemSolving\WebApp\app\home\components\sappart-selector.component.js
C:\Users\shahmna\Documents\Workspace\git\Prototype\Schaeffler.NetCore.ProblemSolving\WebApp\app\home\components\sappart-selector.component.js.map
C:\Users\shahmna\Documents\Workspace\git\Prototype\Schaeffler.NetCore.ProblemSolving\WebApp\app\home\components\home.component.js
C:\Users\shahmna\Documents\Workspace\git\Prototype\Schaeffler.NetCore.ProblemSolving\WebApp\app\home\components\home.component.js.map
C:\Users\shahmna\Documents\Workspace\git\Prototype\Schaeffler.NetCore.ProblemSolving\WebApp\app\home\home.routes.js
C:\Users\shahmna\Documents\Workspace\git\Prototype\Schaeffler.NetCore.ProblemSolving\WebApp\app\home\home.routes.js.map
C:\Users\shahmna\Documents\Workspace\git\Prototype\Schaeffler.NetCore.ProblemSolving\WebApp\app\home\home.module.js
C:\Users\shahmna\Documents\Workspace\git\Prototype\Schaeffler.NetCore.ProblemSolving\WebApp\app\home\home.module.js.map
C:\Users\shahmna\Documents\Workspace\git\Prototype\Schaeffler.NetCore.ProblemSolving\WebApp\app\shared\components\sidebar\sidebar.component.js
C:\Users\shahmna\Documents\Workspace\git\Prototype\Schaeffler.NetCore.ProblemSolving\WebApp\app\shared\components\sidebar\sidebar.component.js.map
C:\Users\shahmna\Documents\Workspace\git\Prototype\Schaeffler.NetCore.ProblemSolving\WebApp\app\shared\components\navbar\navbar.component.js
C:\Users\shahmna\Documents\Workspace\git\Prototype\Schaeffler.NetCore.ProblemSolving\WebApp\app\shared\components\navbar\navbar.component.js.map
C:\Users\shahmna\Documents\Workspace\git\Prototype\Schaeffler.NetCore.ProblemSolving\WebApp\app\shared\shared.module.js
C:\Users\shahmna\Documents\Workspace\git\Prototype\Schaeffler.NetCore.ProblemSolving\WebApp\app\shared\shared.module.js.map
C:\Users\shahmna\Documents\Workspace\git\Prototype\Schaeffler.NetCore.ProblemSolving\WebApp\app\app.module.js
C:\Users\shahmna\Documents\Workspace\git\Prototype\Schaeffler.NetCore.ProblemSolving\WebApp\app\app.module.js.map
C:\Users\shahmna\Documents\Workspace\git\Prototype\Schaeffler.NetCore.ProblemSolving\WebApp\main.js
C:\Users\shahmna\Documents\Workspace\git\Prototype\Schaeffler.NetCore.ProblemSolving\WebApp\main.js.map
C:\Users\shahmna\Documents\Workspace\git\Prototype\Schaeffler.NetCore.ProblemSolving\WebApp\polyfills.js
C:\Users\shahmna\Documents\Workspace\git\Prototype\Schaeffler.NetCore.ProblemSolving\WebApp\polyfills.js.map
C:\Users\shahmna\Documents\Workspace\git\Prototype\Schaeffler.NetCore.ProblemSolving\WebApp\vendor.js
C:\Users\shahmna\Documents\Workspace\git\Prototype\Schaeffler.NetCore.ProblemSolving\WebApp\vendor.js.map
C:\Users\shahmna\Documents\Workspace\git\Prototype\Schaeffler.NetCore.ProblemSolving\WebApp\app\core\services\http.service.ts.js
C:\Users\shahmna\Documents\Workspace\git\Prototype\Schaeffler.NetCore.ProblemSolving\WebApp\app\core\services\http.service.ts.js.map
C:\Users\shahmna\Documents\Workspace\git\Prototype\Schaeffler.NetCore.ProblemSolving\WebApp\app\about\components\about.component.js
C:\Users\shahmna\Documents\Workspace\git\Prototype\Schaeffler.NetCore.ProblemSolving\WebApp\app\about\components\about.component.js.map
C:\Users\shahmna\Documents\Workspace\git\Prototype\Schaeffler.NetCore.ProblemSolving\WebApp\app\about\about.routes.js
C:\Users\shahmna\Documents\Workspace\git\Prototype\Schaeffler.NetCore.ProblemSolving\WebApp\app\about\about.routes.js.map
C:\Users\shahmna\Documents\Workspace\git\Prototype\Schaeffler.NetCore.ProblemSolving\WebApp\app\about\about.module.js
C:\Users\shahmna\Documents\Workspace\git\Prototype\Schaeffler.NetCore.ProblemSolving\WebApp\app\about\about.module.js.map
C:\Users\shahmna\Documents\Workspace\git\Prototype\Schaeffler.NetCore.ProblemSolving\WebApp\app\app.component.js
C:\Users\shahmna\Documents\Workspace\git\Prototype\Schaeffler.NetCore.ProblemSolving\WebApp\app\app.component.js.map
C:\Users\shahmna\Documents\Workspace\git\Prototype\Schaeffler.NetCore.ProblemSolving\WebApp\app\app.routes.js
C:\Users\shahmna\Documents\Workspace\git\Prototype\Schaeffler.NetCore.ProblemSolving\WebApp\app\app.routes.js.map
C:\Users\shahmna\Documents\Workspace\git\Prototype\Schaeffler.NetCore.ProblemSolving\WebApp\app\app.constants.js
C:\Users\shahmna\Documents\Workspace\git\Prototype\Schaeffler.NetCore.ProblemSolving\WebApp\app\app.constants.js.map
C:\Users\shahmna\Documents\Workspace\git\Prototype\Schaeffler.NetCore.ProblemSolving\WebApp\app\models\thing.js
C:\Users\shahmna\Documents\Workspace\git\Prototype\Schaeffler.NetCore.ProblemSolving\WebApp\app\models\thing.js.map
C:\Users\shahmna\Documents\Workspace\git\Prototype\Schaeffler.NetCore.ProblemSolving\WebApp\app\core\services\thing-data.service.js
C:\Users\shahmna\Documents\Workspace\git\Prototype\Schaeffler.NetCore.ProblemSolving\WebApp\app\core\services\thing-data.service.js.map
C:\Users\shahmna\Documents\Workspace\git\Prototype\Schaeffler.NetCore.ProblemSolving\WebApp\app\core\core.module.js
C:\Users\shahmna\Documents\Workspace\git\Prototype\Schaeffler.NetCore.ProblemSolving\WebApp\app\core\core.module.js.map
C:\Users\shahmna\Documents\Workspace\git\Prototype\Schaeffler.NetCore.ProblemSolving\WebApp\app\home\components\customer-register.component.js
C:\Users\shahmna\Documents\Workspace\git\Prototype\Schaeffler.NetCore.ProblemSolving\WebApp\app\home\components\customer-register.component.js.map
C:\Users\shahmna\Documents\Workspace\git\Prototype\Schaeffler.NetCore.ProblemSolving\WebApp\app\home\components\sappart-selector.component.js
C:\Users\shahmna\Documents\Workspace\git\Prototype\Schaeffler.NetCore.ProblemSolving\WebApp\app\home\components\sappart-selector.component.js.map
C:\Users\shahmna\Documents\Workspace\git\Prototype\Schaeffler.NetCore.ProblemSolving\WebApp\app\home\components\home.component.js
C:\Users\shahmna\Documents\Workspace\git\Prototype\Schaeffler.NetCore.ProblemSolving\WebApp\app\home\components\home.component.js.map
C:\Users\shahmna\Documents\Workspace\git\Prototype\Schaeffler.NetCore.ProblemSolving\WebApp\app\home\home.routes.js
C:\Users\shahmna\Documents\Workspace\git\Prototype\Schaeffler.NetCore.ProblemSolving\WebApp\app\home\home.routes.js.map
C:\Users\shahmna\Documents\Workspace\git\Prototype\Schaeffler.NetCore.ProblemSolving\WebApp\app\home\home.module.js
C:\Users\shahmna\Documents\Workspace\git\Prototype\Schaeffler.NetCore.ProblemSolving\WebApp\app\home\home.module.js.map
C:\Users\shahmna\Documents\Workspace\git\Prototype\Schaeffler.NetCore.ProblemSolving\WebApp\app\shared\components\sidebar\sidebar.component.js
C:\Users\shahmna\Documents\Workspace\git\Prototype\Schaeffler.NetCore.ProblemSolving\WebApp\app\shared\components\sidebar\sidebar.component.js.map
C:\Users\shahmna\Documents\Workspace\git\Prototype\Schaeffler.NetCore.ProblemSolving\WebApp\app\shared\components\navbar\navbar.component.js
C:\Users\shahmna\Documents\Workspace\git\Prototype\Schaeffler.NetCore.ProblemSolving\WebApp\app\shared\components\navbar\navbar.component.js.map
C:\Users\shahmna\Documents\Workspace\git\Prototype\Schaeffler.NetCore.ProblemSolving\WebApp\app\shared\shared.module.js
C:\Users\shahmna\Documents\Workspace\git\Prototype\Schaeffler.NetCore.ProblemSolving\WebApp\app\shared\shared.module.js.map
C:\Users\shahmna\Documents\Workspace\git\Prototype\Schaeffler.NetCore.ProblemSolving\WebApp\app\app.module.js
C:\Users\shahmna\Documents\Workspace\git\Prototype\Schaeffler.NetCore.ProblemSolving\WebApp\app\app.module.js.map
C:\Users\shahmna\Documents\Workspace\git\Prototype\Schaeffler.NetCore.ProblemSolving\WebApp\main.js
C:\Users\shahmna\Documents\Workspace\git\Prototype\Schaeffler.NetCore.ProblemSolving\WebApp\main.js.map
C:\Users\shahmna\Documents\Workspace\git\Prototype\Schaeffler.NetCore.ProblemSolving\WebApp\polyfills.js
C:\Users\shahmna\Documents\Workspace\git\Prototype\Schaeffler.NetCore.ProblemSolving\WebApp\polyfills.js.map
C:\Users\shahmna\Documents\Workspace\git\Prototype\Schaeffler.NetCore.ProblemSolving\WebApp\vendor.js
C:\Users\shahmna\Documents\Workspace\git\Prototype\Schaeffler.NetCore.ProblemSolving\WebApp\vendor.js.map
C:\Users\shahmna\Documents\Workspace\git\Prototype\Schaeffler.NetCore.ProblemSolving\WebApp\app\core\services\http.service.ts.js
C:\Users\shahmna\Documents\Workspace\git\Prototype\Schaeffler.NetCore.ProblemSolving\WebApp\app\core\services\http.service.ts.js.map
C:\Users\shahmna\Documents\Workspace\git\Prototype\Schaeffler.NetCore.ProblemSolving\WebApp\app\about\components\about.component.js
C:\Users\shahmna\Documents\Workspace\git\Prototype\Schaeffler.NetCore.ProblemSolving\WebApp\app\about\components\about.component.js.map
C:\Users\shahmna\Documents\Workspace\git\Prototype\Schaeffler.NetCore.ProblemSolving\WebApp\app\about\about.routes.js
C:\Users\shahmna\Documents\Workspace\git\Prototype\Schaeffler.NetCore.ProblemSolving\WebApp\app\about\about.routes.js.map
C:\Users\shahmna\Documents\Workspace\git\Prototype\Schaeffler.NetCore.ProblemSolving\WebApp\app\about\about.module.js
C:\Users\shahmna\Documents\Workspace\git\Prototype\Schaeffler.NetCore.ProblemSolving\WebApp\app\about\about.module.js.map
C:\Users\shahmna\Documents\Workspace\git\Prototype\Schaeffler.NetCore.ProblemSolving\WebApp\app\app.component.js
C:\Users\shahmna\Documents\Workspace\git\Prototype\Schaeffler.NetCore.ProblemSolving\WebApp\app\app.component.js.map
C:\Users\shahmna\Documents\Workspace\git\Prototype\Schaeffler.NetCore.ProblemSolving\WebApp\app\app.routes.js
C:\Users\shahmna\Documents\Workspace\git\Prototype\Schaeffler.NetCore.ProblemSolving\WebApp\app\app.routes.js.map
C:\Users\shahmna\Documents\Workspace\git\Prototype\Schaeffler.NetCore.ProblemSolving\WebApp\app\app.constants.js
C:\Users\shahmna\Documents\Workspace\git\Prototype\Schaeffler.NetCore.ProblemSolving\WebApp\app\app.constants.js.map
C:\Users\shahmna\Documents\Workspace\git\Prototype\Schaeffler.NetCore.ProblemSolving\WebApp\app\models\thing.js
C:\Users\shahmna\Documents\Workspace\git\Prototype\Schaeffler.NetCore.ProblemSolving\WebApp\app\models\thing.js.map
C:\Users\shahmna\Documents\Workspace\git\Prototype\Schaeffler.NetCore.ProblemSolving\WebApp\app\core\services\thing-data.service.js
C:\Users\shahmna\Documents\Workspace\git\Prototype\Schaeffler.NetCore.ProblemSolving\WebApp\app\core\services\thing-data.service.js.map
C:\Users\shahmna\Documents\Workspace\git\Prototype\Schaeffler.NetCore.ProblemSolving\WebApp\app\core\core.module.js
C:\Users\shahmna\Documents\Workspace\git\Prototype\Schaeffler.NetCore.ProblemSolving\WebApp\app\core\core.module.js.map
C:\Users\shahmna\Documents\Workspace\git\Prototype\Schaeffler.NetCore.ProblemSolving\WebApp\app\home\components\customer-register.component.js
C:\Users\shahmna\Documents\Workspace\git\Prototype\Schaeffler.NetCore.ProblemSolving\WebApp\app\home\components\customer-register.component.js.map
C:\Users\shahmna\Documents\Workspace\git\Prototype\Schaeffler.NetCore.ProblemSolving\WebApp\app\home\components\sappart-selector.component.js
C:\Users\shahmna\Documents\Workspace\git\Prototype\Schaeffler.NetCore.ProblemSolving\WebApp\app\home\components\sappart-selector.component.js.map
C:\Users\shahmna\Documents\Workspace\git\Prototype\Schaeffler.NetCore.ProblemSolving\WebApp\app\home\components\home.component.js
C:\Users\shahmna\Documents\Workspace\git\Prototype\Schaeffler.NetCore.ProblemSolving\WebApp\app\home\components\home.component.js.map
C:\Users\shahmna\Documents\Workspace\git\Prototype\Schaeffler.NetCore.ProblemSolving\WebApp\app\home\home.routes.js
C:\Users\shahmna\Documents\Workspace\git\Prototype\Schaeffler.NetCore.ProblemSolving\WebApp\app\home\home.routes.js.map
C:\Users\shahmna\Documents\Workspace\git\Prototype\Schaeffler.NetCore.ProblemSolving\WebApp\app\home\home.module.js
C:\Users\shahmna\Documents\Workspace\git\Prototype\Schaeffler.NetCore.ProblemSolving\WebApp\app\home\home.module.js.map
C:\Users\shahmna\Documents\Workspace\git\Prototype\Schaeffler.NetCore.ProblemSolving\WebApp\app\shared\components\sidebar\sidebar.component.js
C:\Users\shahmna\Documents\Workspace\git\Prototype\Schaeffler.NetCore.ProblemSolving\WebApp\app\shared\components\sidebar\sidebar.component.js.map
C:\Users\shahmna\Documents\Workspace\git\Prototype\Schaeffler.NetCore.ProblemSolving\WebApp\app\shared\components\navbar\navbar.component.js
C:\Users\shahmna\Documents\Workspace\git\Prototype\Schaeffler.NetCore.ProblemSolving\WebApp\app\shared\components\navbar\navbar.component.js.map
C:\Users\shahmna\Documents\Workspace\git\Prototype\Schaeffler.NetCore.ProblemSolving\WebApp\app\shared\shared.module.js
C:\Users\shahmna\Documents\Workspace\git\Prototype\Schaeffler.NetCore.ProblemSolving\WebApp\app\shared\shared.module.js.map
C:\Users\shahmna\Documents\Workspace\git\Prototype\Schaeffler.NetCore.ProblemSolving\WebApp\app\app.module.js
C:\Users\shahmna\Documents\Workspace\git\Prototype\Schaeffler.NetCore.ProblemSolving\WebApp\app\app.module.js.map
C:\Users\shahmna\Documents\Workspace\git\Prototype\Schaeffler.NetCore.ProblemSolving\WebApp\main.js
C:\Users\shahmna\Documents\Workspace\git\Prototype\Schaeffler.NetCore.ProblemSolving\WebApp\main.js.map
C:\Users\shahmna\Documents\Workspace\git\Prototype\Schaeffler.NetCore.ProblemSolving\WebApp\polyfills.js
C:\Users\shahmna\Documents\Workspace\git\Prototype\Schaeffler.NetCore.ProblemSolving\WebApp\polyfills.js.map
C:\Users\shahmna\Documents\Workspace\git\Prototype\Schaeffler.NetCore.ProblemSolving\WebApp\vendor.js
C:\Users\shahmna\Documents\Workspace\git\Prototype\Schaeffler.NetCore.ProblemSolving\WebApp\vendor.js.map
C:\Users\shahmna\Documents\Workspace\git\Prototype\Schaeffler.NetCore.ProblemSolving\WebApp\app\core\services\http.service.ts.js
C:\Users\shahmna\Documents\Workspace\git\Prototype\Schaeffler.NetCore.ProblemSolving\WebApp\app\core\services\http.service.ts.js.map
C:\Users\shahmna\Documents\Workspace\git\Prototype\Schaeffler.NetCore.ProblemSolving\WebApp\app\about\components\about.component.js
C:\Users\shahmna\Documents\Workspace\git\Prototype\Schaeffler.NetCore.ProblemSolving\WebApp\app\about\components\about.component.js.map
C:\Users\shahmna\Documents\Workspace\git\Prototype\Schaeffler.NetCore.ProblemSolving\WebApp\app\about\about.routes.js
C:\Users\shahmna\Documents\Workspace\git\Prototype\Schaeffler.NetCore.ProblemSolving\WebApp\app\about\about.routes.js.map
C:\Users\shahmna\Documents\Workspace\git\Prototype\Schaeffler.NetCore.ProblemSolving\WebApp\app\about\about.module.js
C:\Users\shahmna\Documents\Workspace\git\Prototype\Schaeffler.NetCore.ProblemSolving\WebApp\app\about\about.module.js.map
C:\Users\shahmna\Documents\Workspace\git\Prototype\Schaeffler.NetCore.ProblemSolving\WebApp\app\app.component.js
C:\Users\shahmna\Documents\Workspace\git\Prototype\Schaeffler.NetCore.ProblemSolving\WebApp\app\app.component.js.map
C:\Users\shahmna\Documents\Workspace\git\Prototype\Schaeffler.NetCore.ProblemSolving\WebApp\app\app.routes.js
C:\Users\shahmna\Documents\Workspace\git\Prototype\Schaeffler.NetCore.ProblemSolving\WebApp\app\app.routes.js.map
C:\Users\shahmna\Documents\Workspace\git\Prototype\Schaeffler.NetCore.ProblemSolving\WebApp\app\app.constants.js
C:\Users\shahmna\Documents\Workspace\git\Prototype\Schaeffler.NetCore.ProblemSolving\WebApp\app\app.constants.js.map
C:\Users\shahmna\Documents\Workspace\git\Prototype\Schaeffler.NetCore.ProblemSolving\WebApp\app\models\thing.js
C:\Users\shahmna\Documents\Workspace\git\Prototype\Schaeffler.NetCore.ProblemSolving\WebApp\app\models\thing.js.map
C:\Users\shahmna\Documents\Workspace\git\Prototype\Schaeffler.NetCore.ProblemSolving\WebApp\app\core\services\thing-data.service.js
C:\Users\shahmna\Documents\Workspace\git\Prototype\Schaeffler.NetCore.ProblemSolving\WebApp\app\core\services\thing-data.service.js.map
C:\Users\shahmna\Documents\Workspace\git\Prototype\Schaeffler.NetCore.ProblemSolving\WebApp\app\core\core.module.js
C:\Users\shahmna\Documents\Workspace\git\Prototype\Schaeffler.NetCore.ProblemSolving\WebApp\app\core\core.module.js.map
C:\Users\shahmna\Documents\Workspace\git\Prototype\Schaeffler.NetCore.ProblemSolving\WebApp\app\home\components\customer-register.component.js
C:\Users\shahmna\Documents\Workspace\git\Prototype\Schaeffler.NetCore.ProblemSolving\WebApp\app\home\components\customer-register.component.js.map
C:\Users\shahmna\Documents\Workspace\git\Prototype\Schaeffler.NetCore.ProblemSolving\WebApp\app\home\components\sappart-selector.component.js
C:\Users\shahmna\Documents\Workspace\git\Prototype\Schaeffler.NetCore.ProblemSolving\WebApp\app\home\components\sappart-selector.component.js.map
C:\Users\shahmna\Documents\Workspace\git\Prototype\Schaeffler.NetCore.ProblemSolving\WebApp\app\home\components\home.component.js
C:\Users\shahmna\Documents\Workspace\git\Prototype\Schaeffler.NetCore.ProblemSolving\WebApp\app\home\components\home.component.js.map
C:\Users\shahmna\Documents\Workspace\git\Prototype\Schaeffler.NetCore.ProblemSolving\WebApp\app\home\home.routes.js
C:\Users\shahmna\Documents\Workspace\git\Prototype\Schaeffler.NetCore.ProblemSolving\WebApp\app\home\home.routes.js.map
C:\Users\shahmna\Documents\Workspace\git\Prototype\Schaeffler.NetCore.ProblemSolving\WebApp\app\home\home.module.js
C:\Users\shahmna\Documents\Workspace\git\Prototype\Schaeffler.NetCore.ProblemSolving\WebApp\app\home\home.module.js.map
C:\Users\shahmna\Documents\Workspace\git\Prototype\Schaeffler.NetCore.ProblemSolving\WebApp\app\shared\components\sidebar\sidebar.component.js
C:\Users\shahmna\Documents\Workspace\git\Prototype\Schaeffler.NetCore.ProblemSolving\WebApp\app\shared\components\sidebar\sidebar.component.js.map
C:\Users\shahmna\Documents\Workspace\git\Prototype\Schaeffler.NetCore.ProblemSolving\WebApp\app\shared\components\navbar\navbar.component.js
C:\Users\shahmna\Documents\Workspace\git\Prototype\Schaeffler.NetCore.ProblemSolving\WebApp\app\shared\components\navbar\navbar.component.js.map
C:\Users\shahmna\Documents\Workspace\git\Prototype\Schaeffler.NetCore.ProblemSolving\WebApp\app\shared\shared.module.js
C:\Users\shahmna\Documents\Workspace\git\Prototype\Schaeffler.NetCore.ProblemSolving\WebApp\app\shared\shared.module.js.map
C:\Users\shahmna\Documents\Workspace\git\Prototype\Schaeffler.NetCore.ProblemSolving\WebApp\app\app.module.js
C:\Users\shahmna\Documents\Workspace\git\Prototype\Schaeffler.NetCore.ProblemSolving\WebApp\app\app.module.js.map
C:\Users\shahmna\Documents\Workspace\git\Prototype\Schaeffler.NetCore.ProblemSolving\WebApp\main.js
C:\Users\shahmna\Documents\Workspace\git\Prototype\Schaeffler.NetCore.ProblemSolving\WebApp\main.js.map
C:\Users\shahmna\Documents\Workspace\git\Prototype\Schaeffler.NetCore.ProblemSolving\WebApp\polyfills.js
C:\Users\shahmna\Documents\Workspace\git\Prototype\Schaeffler.NetCore.ProblemSolving\WebApp\polyfills.js.map
C:\Users\shahmna\Documents\Workspace\git\Prototype\Schaeffler.NetCore.ProblemSolving\WebApp\vendor.js
C:\Users\shahmna\Documents\Workspace\git\Prototype\Schaeffler.NetCore.ProblemSolving\WebApp\vendor.js.map
C:\Users\shahmna\Documents\Workspace\git\Prototype\Schaeffler.NetCore.ProblemSolving\WebApp\app\core\services\http.service.ts.js
C:\Users\shahmna\Documents\Workspace\git\Prototype\Schaeffler.NetCore.ProblemSolving\WebApp\app\core\services\http.service.ts.js.map
C:\Users\shahmna\Documents\Workspace\git\Prototype\Schaeffler.NetCore.ProblemSolving\WebApp\app\about\components\about.component.js
C:\Users\shahmna\Documents\Workspace\git\Prototype\Schaeffler.NetCore.ProblemSolving\WebApp\app\about\components\about.component.js.map
C:\Users\shahmna\Documents\Workspace\git\Prototype\Schaeffler.NetCore.ProblemSolving\WebApp\app\about\about.routes.js
C:\Users\shahmna\Documents\Workspace\git\Prototype\Schaeffler.NetCore.ProblemSolving\WebApp\app\about\about.routes.js.map
C:\Users\shahmna\Documents\Workspace\git\Prototype\Schaeffler.NetCore.ProblemSolving\WebApp\app\about\about.module.js
C:\Users\shahmna\Documents\Workspace\git\Prototype\Schaeffler.NetCore.ProblemSolving\WebApp\app\about\about.module.js.map
C:\Users\shahmna\Documents\Workspace\git\Prototype\Schaeffler.NetCore.ProblemSolving\WebApp\app\app.component.js
C:\Users\shahmna\Documents\Workspace\git\Prototype\Schaeffler.NetCore.ProblemSolving\WebApp\app\app.component.js.map
C:\Users\shahmna\Documents\Workspace\git\Prototype\Schaeffler.NetCore.ProblemSolving\WebApp\app\app.routes.js
C:\Users\shahmna\Documents\Workspace\git\Prototype\Schaeffler.NetCore.ProblemSolving\WebApp\app\app.routes.js.map
C:\Users\shahmna\Documents\Workspace\git\Prototype\Schaeffler.NetCore.ProblemSolving\WebApp\app\app.constants.js
C:\Users\shahmna\Documents\Workspace\git\Prototype\Schaeffler.NetCore.ProblemSolving\WebApp\app\app.constants.js.map
C:\Users\shahmna\Documents\Workspace\git\Prototype\Schaeffler.NetCore.ProblemSolving\WebApp\app\models\thing.js
C:\Users\shahmna\Documents\Workspace\git\Prototype\Schaeffler.NetCore.ProblemSolving\WebApp\app\models\thing.js.map
C:\Users\shahmna\Documents\Workspace\git\Prototype\Schaeffler.NetCore.ProblemSolving\WebApp\app\core\services\thing-data.service.js
C:\Users\shahmna\Documents\Workspace\git\Prototype\Schaeffler.NetCore.ProblemSolving\WebApp\app\core\services\thing-data.service.js.map
C:\Users\shahmna\Documents\Workspace\git\Prototype\Schaeffler.NetCore.ProblemSolving\WebApp\app\core\core.module.js
C:\Users\shahmna\Documents\Workspace\git\Prototype\Schaeffler.NetCore.ProblemSolving\WebApp\app\core\core.module.js.map
C:\Users\shahmna\Documents\Workspace\git\Prototype\Schaeffler.NetCore.ProblemSolving\WebApp\app\home\components\customer-register.component.js
C:\Users\shahmna\Documents\Workspace\git\Prototype\Schaeffler.NetCore.ProblemSolving\WebApp\app\home\components\customer-register.component.js.map
C:\Users\shahmna\Documents\Workspace\git\Prototype\Schaeffler.NetCore.ProblemSolving\WebApp\app\home\components\sappart-selector.component.js
C:\Users\shahmna\Documents\Workspace\git\Prototype\Schaeffler.NetCore.ProblemSolving\WebApp\app\home\components\sappart-selector.component.js.map
C:\Users\shahmna\Documents\Workspace\git\Prototype\Schaeffler.NetCore.ProblemSolving\WebApp\app\home\components\home.component.js
C:\Users\shahmna\Documents\Workspace\git\Prototype\Schaeffler.NetCore.ProblemSolving\WebApp\app\home\components\home.component.js.map
C:\Users\shahmna\Documents\Workspace\git\Prototype\Schaeffler.NetCore.ProblemSolving\WebApp\app\home\home.routes.js
C:\Users\shahmna\Documents\Workspace\git\Prototype\Schaeffler.NetCore.ProblemSolving\WebApp\app\home\home.routes.js.map
C:\Users\shahmna\Documents\Workspace\git\Prototype\Schaeffler.NetCore.ProblemSolving\WebApp\app\home\home.module.js
C:\Users\shahmna\Documents\Workspace\git\Prototype\Schaeffler.NetCore.ProblemSolving\WebApp\app\home\home.module.js.map
C:\Users\shahmna\Documents\Workspace\git\Prototype\Schaeffler.NetCore.ProblemSolving\WebApp\app\shared\components\sidebar\sidebar.component.js
C:\Users\shahmna\Documents\Workspace\git\Prototype\Schaeffler.NetCore.ProblemSolving\WebApp\app\shared\components\sidebar\sidebar.component.js.map
C:\Users\shahmna\Documents\Workspace\git\Prototype\Schaeffler.NetCore.ProblemSolving\WebApp\app\shared\components\navbar\navbar.component.js
C:\Users\shahmna\Documents\Workspace\git\Prototype\Schaeffler.NetCore.ProblemSolving\WebApp\app\shared\components\navbar\navbar.component.js.map
C:\Users\shahmna\Documents\Workspace\git\Prototype\Schaeffler.NetCore.ProblemSolving\WebApp\app\shared\shared.module.js
C:\Users\shahmna\Documents\Workspace\git\Prototype\Schaeffler.NetCore.ProblemSolving\WebApp\app\shared\shared.module.js.map
C:\Users\shahmna\Documents\Workspace\git\Prototype\Schaeffler.NetCore.ProblemSolving\WebApp\app\app.module.js
C:\Users\shahmna\Documents\Workspace\git\Prototype\Schaeffler.NetCore.ProblemSolving\WebApp\app\app.module.js.map
C:\Users\shahmna\Documents\Workspace\git\Prototype\Schaeffler.NetCore.ProblemSolving\WebApp\main.js
C:\Users\shahmna\Documents\Workspace\git\Prototype\Schaeffler.NetCore.ProblemSolving\WebApp\main.js.map
C:\Users\shahmna\Documents\Workspace\git\Prototype\Schaeffler.NetCore.ProblemSolving\WebApp\polyfills.js
C:\Users\shahmna\Documents\Workspace\git\Prototype\Schaeffler.NetCore.ProblemSolving\WebApp\polyfills.js.map
C:\Users\shahmna\Documents\Workspace\git\Prototype\Schaeffler.NetCore.ProblemSolving\WebApp\vendor.js
C:\Users\shahmna\Documents\Workspace\git\Prototype\Schaeffler.NetCore.ProblemSolving\WebApp\vendor.js.map
C:\Users\shahmna\Documents\Workspace\git\Prototype\Schaeffler.NetCore.ProblemSolving\WebApp\app\core\services\http.service.ts.js
C:\Users\shahmna\Documents\Workspace\git\Prototype\Schaeffler.NetCore.ProblemSolving\WebApp\app\core\services\http.service.ts.js.map
C:\Users\shahmna\Documents\Workspace\git\Prototype\Schaeffler.NetCore.ProblemSolving\WebApp\app\about\components\about.component.js
C:\Users\shahmna\Documents\Workspace\git\Prototype\Schaeffler.NetCore.ProblemSolving\WebApp\app\about\components\about.component.js.map
C:\Users\shahmna\Documents\Workspace\git\Prototype\Schaeffler.NetCore.ProblemSolving\WebApp\app\about\about.routes.js
C:\Users\shahmna\Documents\Workspace\git\Prototype\Schaeffler.NetCore.ProblemSolving\WebApp\app\about\about.routes.js.map
C:\Users\shahmna\Documents\Workspace\git\Prototype\Schaeffler.NetCore.ProblemSolving\WebApp\app\about\about.module.js
C:\Users\shahmna\Documents\Workspace\git\Prototype\Schaeffler.NetCore.ProblemSolving\WebApp\app\about\about.module.js.map
C:\Users\shahmna\Documents\Workspace\git\Prototype\Schaeffler.NetCore.ProblemSolving\WebApp\app\app.component.js
C:\Users\shahmna\Documents\Workspace\git\Prototype\Schaeffler.NetCore.ProblemSolving\WebApp\app\app.component.js.map
C:\Users\shahmna\Documents\Workspace\git\Prototype\Schaeffler.NetCore.ProblemSolving\WebApp\app\app.routes.js
C:\Users\shahmna\Documents\Workspace\git\Prototype\Schaeffler.NetCore.ProblemSolving\WebApp\app\app.routes.js.map
C:\Users\shahmna\Documents\Workspace\git\Prototype\Schaeffler.NetCore.ProblemSolving\WebApp\app\app.constants.js
C:\Users\shahmna\Documents\Workspace\git\Prototype\Schaeffler.NetCore.ProblemSolving\WebApp\app\app.constants.js.map
C:\Users\shahmna\Documents\Workspace\git\Prototype\Schaeffler.NetCore.ProblemSolving\WebApp\app\models\thing.js
C:\Users\shahmna\Documents\Workspace\git\Prototype\Schaeffler.NetCore.ProblemSolving\WebApp\app\models\thing.js.map
C:\Users\shahmna\Documents\Workspace\git\Prototype\Schaeffler.NetCore.ProblemSolving\WebApp\app\core\services\thing-data.service.js
C:\Users\shahmna\Documents\Workspace\git\Prototype\Schaeffler.NetCore.ProblemSolving\WebApp\app\core\services\thing-data.service.js.map
C:\Users\shahmna\Documents\Workspace\git\Prototype\Schaeffler.NetCore.ProblemSolving\WebApp\app\core\core.module.js
C:\Users\shahmna\Documents\Workspace\git\Prototype\Schaeffler.NetCore.ProblemSolving\WebApp\app\core\core.module.js.map
C:\Users\shahmna\Documents\Workspace\git\Prototype\Schaeffler.NetCore.ProblemSolving\WebApp\app\home\components\customer-register.component.js
C:\Users\shahmna\Documents\Workspace\git\Prototype\Schaeffler.NetCore.ProblemSolving\WebApp\app\home\components\customer-register.component.js.map
C:\Users\shahmna\Documents\Workspace\git\Prototype\Schaeffler.NetCore.ProblemSolving\WebApp\app\home\components\sappart-selector.component.js
C:\Users\shahmna\Documents\Workspace\git\Prototype\Schaeffler.NetCore.ProblemSolving\WebApp\app\home\components\sappart-selector.component.js.map
C:\Users\shahmna\Documents\Workspace\git\Prototype\Schaeffler.NetCore.ProblemSolving\WebApp\app\home\components\home.component.js
C:\Users\shahmna\Documents\Workspace\git\Prototype\Schaeffler.NetCore.ProblemSolving\WebApp\app\home\components\home.component.js.map
C:\Users\shahmna\Documents\Workspace\git\Prototype\Schaeffler.NetCore.ProblemSolving\WebApp\app\home\home.routes.js
C:\Users\shahmna\Documents\Workspace\git\Prototype\Schaeffler.NetCore.ProblemSolving\WebApp\app\home\home.routes.js.map
C:\Users\shahmna\Documents\Workspace\git\Prototype\Schaeffler.NetCore.ProblemSolving\WebApp\app\home\home.module.js
C:\Users\shahmna\Documents\Workspace\git\Prototype\Schaeffler.NetCore.ProblemSolving\WebApp\app\home\home.module.js.map
C:\Users\shahmna\Documents\Workspace\git\Prototype\Schaeffler.NetCore.ProblemSolving\WebApp\app\shared\components\sidebar\sidebar.component.js
C:\Users\shahmna\Documents\Workspace\git\Prototype\Schaeffler.NetCore.ProblemSolving\WebApp\app\shared\components\sidebar\sidebar.component.js.map
C:\Users\shahmna\Documents\Workspace\git\Prototype\Schaeffler.NetCore.ProblemSolving\WebApp\app\shared\components\navbar\navbar.component.js
C:\Users\shahmna\Documents\Workspace\git\Prototype\Schaeffler.NetCore.ProblemSolving\WebApp\app\shared\components\navbar\navbar.component.js.map
C:\Users\shahmna\Documents\Workspace\git\Prototype\Schaeffler.NetCore.ProblemSolving\WebApp\app\shared\shared.module.js
C:\Users\shahmna\Documents\Workspace\git\Prototype\Schaeffler.NetCore.ProblemSolving\WebApp\app\shared\shared.module.js.map
C:\Users\shahmna\Documents\Workspace\git\Prototype\Schaeffler.NetCore.ProblemSolving\WebApp\app\app.module.js
C:\Users\shahmna\Documents\Workspace\git\Prototype\Schaeffler.NetCore.ProblemSolving\WebApp\app\app.module.js.map
C:\Users\shahmna\Documents\Workspace\git\Prototype\Schaeffler.NetCore.ProblemSolving\WebApp\main.js
C:\Users\shahmna\Documents\Workspace\git\Prototype\Schaeffler.NetCore.ProblemSolving\WebApp\main.js.map
C:\Users\shahmna\Documents\Workspace\git\Prototype\Schaeffler.NetCore.ProblemSolving\WebApp\polyfills.js
C:\Users\shahmna\Documents\Workspace\git\Prototype\Schaeffler.NetCore.ProblemSolving\WebApp\polyfills.js.map
C:\Users\shahmna\Documents\Workspace\git\Prototype\Schaeffler.NetCore.ProblemSolving\WebApp\vendor.js
C:\Users\shahmna\Documents\Workspace\git\Prototype\Schaeffler.NetCore.ProblemSolving\WebApp\vendor.js.map
C:\Users\shahmna\Documents\Workspace\git\Prototype\Schaeffler.NetCore.ProblemSolving\WebApp\app\core\services\http.service.ts.js
C:\Users\shahmna\Documents\Workspace\git\Prototype\Schaeffler.NetCore.ProblemSolving\WebApp\app\core\services\http.service.ts.js.map
C:\Users\shahmna\Documents\Workspace\git\Prototype\Schaeffler.NetCore.ProblemSolving\WebApp\app\about\components\about.component.js
C:\Users\shahmna\Documents\Workspace\git\Prototype\Schaeffler.NetCore.ProblemSolving\WebApp\app\about\components\about.component.js.map
C:\Users\shahmna\Documents\Workspace\git\Prototype\Schaeffler.NetCore.ProblemSolving\WebApp\app\about\about.routes.js
C:\Users\shahmna\Documents\Workspace\git\Prototype\Schaeffler.NetCore.ProblemSolving\WebApp\app\about\about.routes.js.map
C:\Users\shahmna\Documents\Workspace\git\Prototype\Schaeffler.NetCore.ProblemSolving\WebApp\app\about\about.module.js
C:\Users\shahmna\Documents\Workspace\git\Prototype\Schaeffler.NetCore.ProblemSolving\WebApp\app\about\about.module.js.map
C:\Users\shahmna\Documents\Workspace\git\Prototype\ABC.NetCore.ProblemSolving\WebApp\app\app.component.js
C:\Users\shahmna\Documents\Workspace\git\Prototype\ABC.NetCore.ProblemSolving\WebApp\app\app.component.js.map
C:\Users\shahmna\Documents\Workspace\git\Prototype\ABC.NetCore.ProblemSolving\WebApp\app\app.routes.js
C:\Users\shahmna\Documents\Workspace\git\Prototype\ABC.NetCore.ProblemSolving\WebApp\app\app.routes.js.map
C:\Users\shahmna\Documents\Workspace\git\Prototype\ABC.NetCore.ProblemSolving\WebApp\app\app.constants.js
C:\Users\shahmna\Documents\Workspace\git\Prototype\ABC.NetCore.ProblemSolving\WebApp\app\app.constants.js.map
C:\Users\shahmna\Documents\Workspace\git\Prototype\ABC.NetCore.ProblemSolving\WebApp\app\models\thing.js
C:\Users\shahmna\Documents\Workspace\git\Prototype\ABC.NetCore.ProblemSolving\WebApp\app\models\thing.js.map
C:\Users\shahmna\Documents\Workspace\git\Prototype\ABC.NetCore.ProblemSolving\WebApp\app\core\services\thing-data.service.js
C:\Users\shahmna\Documents\Workspace\git\Prototype\ABC.NetCore.ProblemSolving\WebApp\app\core\services\thing-data.service.js.map
C:\Users\shahmna\Documents\Workspace\git\Prototype\ABC.NetCore.ProblemSolving\WebApp\app\core\core.module.js
C:\Users\shahmna\Documents\Workspace\git\Prototype\ABC.NetCore.ProblemSolving\WebApp\app\core\core.module.js.map
C:\Users\shahmna\Documents\Workspace\git\Prototype\ABC.NetCore.ProblemSolving\WebApp\app\home\components\customer-register.component.js
C:\Users\shahmna\Documents\Workspace\git\Prototype\ABC.NetCore.ProblemSolving\WebApp\app\home\components\customer-register.component.js.map
C:\Users\shahmna\Documents\Workspace\git\Prototype\ABC.NetCore.ProblemSolving\WebApp\app\home\components\sappart-selector.component.js
C:\Users\shahmna\Documents\Workspace\git\Prototype\ABC.NetCore.ProblemSolving\WebApp\app\home\components\sappart-selector.component.js.map
C:\Users\shahmna\Documents\Workspace\git\Prototype\ABC.NetCore.ProblemSolving\WebApp\app\home\components\home.component.js
C:\Users\shahmna\Documents\Workspace\git\Prototype\ABC.NetCore.ProblemSolving\WebApp\app\home\components\home.component.js.map
C:\Users\shahmna\Documents\Workspace\git\Prototype\ABC.NetCore.ProblemSolving\WebApp\app\home\home.routes.js
C:\Users\shahmna\Documents\Workspace\git\Prototype\ABC.NetCore.ProblemSolving\WebApp\app\home\home.routes.js.map
C:\Users\shahmna\Documents\Workspace\git\Prototype\ABC.NetCore.ProblemSolving\WebApp\app\home\home.module.js
C:\Users\shahmna\Documents\Workspace\git\Prototype\ABC.NetCore.ProblemSolving\WebApp\app\home\home.module.js.map
C:\Users\shahmna\Documents\Workspace\git\Prototype\ABC.NetCore.ProblemSolving\WebApp\app\shared\components\sidebar\sidebar.component.js
C:\Users\shahmna\Documents\Workspace\git\Prototype\ABC.NetCore.ProblemSolving\WebApp\app\shared\components\sidebar\sidebar.component.js.map
C:\Users\shahmna\Documents\Workspace\git\Prototype\ABC.NetCore.ProblemSolving\WebApp\app\shared\components\navbar\navbar.component.js
C:\Users\shahmna\Documents\Workspace\git\Prototype\ABC.NetCore.ProblemSolving\WebApp\app\shared\components\navbar\navbar.component.js.map
C:\Users\shahmna\Documents\Workspace\git\Prototype\ABC.NetCore.ProblemSolving\WebApp\app\shared\shared.module.js
C:\Users\shahmna\Documents\Workspace\git\Prototype\ABC.NetCore.ProblemSolving\WebApp\app\shared\shared.module.js.map
C:\Users\shahmna\Documents\Workspace\git\Prototype\ABC.NetCore.ProblemSolving\WebApp\app\app.module.js
C:\Users\shahmna\Documents\Workspace\git\Prototype\ABC.NetCore.ProblemSolving\WebApp\app\app.module.js.map
C:\Users\shahmna\Documents\Workspace\git\Prototype\ABC.NetCore.ProblemSolving\WebApp\main.js
C:\Users\shahmna\Documents\Workspace\git\Prototype\ABC.NetCore.ProblemSolving\WebApp\main.js.map
C:\Users\shahmna\Documents\Workspace\git\Prototype\ABC.NetCore.ProblemSolving\WebApp\polyfills.js
C:\Users\shahmna\Documents\Workspace\git\Prototype\ABC.NetCore.ProblemSolving\WebApp\polyfills.js.map
C:\Users\shahmna\Documents\Workspace\git\Prototype\ABC.NetCore.ProblemSolving\WebApp\vendor.js
C:\Users\shahmna\Documents\Workspace\git\Prototype\ABC.NetCore.ProblemSolving\WebApp\vendor.js.map
C:\Users\shahmna\Documents\Workspace\git\Prototype\ABC.NetCore.ProblemSolving\WebApp\app\core\services\http.service.ts.js
C:\Users\shahmna\Documents\Workspace\git\Prototype\ABC.NetCore.ProblemSolving\WebApp\app\core\services\http.service.ts.js.map
C:\Users\shahmna\Documents\Workspace\git\Prototype\ABC.NetCore.ProblemSolving\WebApp\app\about\components\about.component.js
C:\Users\shahmna\Documents\Workspace\git\Prototype\ABC.NetCore.ProblemSolving\WebApp\app\about\components\about.component.js.map
C:\Users\shahmna\Documents\Workspace\git\Prototype\ABC.NetCore.ProblemSolving\WebApp\app\about\about.routes.js
C:\Users\shahmna\Documents\Workspace\git\Prototype\ABC.NetCore.ProblemSolving\WebApp\app\about\about.routes.js.map
C:\Users\shahmna\Documents\Workspace\git\Prototype\ABC.NetCore.ProblemSolving\WebApp\app\about\about.module.js
C:\Users\shahmna\Documents\Workspace\git\Prototype\ABC.NetCore.ProblemSolving\WebApp\app\about\about.module.js.map
C:\Users\shahmna\Documents\Workspace\git\Prototype\ABC.NetCore.ProblemSolving\WebApp\app\app.component.js
C:\Users\shahmna\Documents\Workspace\git\Prototype\ABC.NetCore.ProblemSolving\WebApp\app\app.component.js.map
C:\Users\shahmna\Documents\Workspace\git\Prototype\ABC.NetCore.ProblemSolving\WebApp\app\app.routes.js
C:\Users\shahmna\Documents\Workspace\git\Prototype\ABC.NetCore.ProblemSolving\WebApp\app\app.routes.js.map
C:\Users\shahmna\Documents\Workspace\git\Prototype\ABC.NetCore.ProblemSolving\WebApp\app\app.constants.js
C:\Users\shahmna\Documents\Workspace\git\Prototype\ABC.NetCore.ProblemSolving\WebApp\app\app.constants.js.map
C:\Users\shahmna\Documents\Workspace\git\Prototype\ABC.NetCore.ProblemSolving\WebApp\app\models\thing.js
C:\Users\shahmna\Documents\Workspace\git\Prototype\ABC.NetCore.ProblemSolving\WebApp\app\models\thing.js.map
C:\Users\shahmna\Documents\Workspace\git\Prototype\ABC.NetCore.ProblemSolving\WebApp\app\core\services\thing-data.service.js
C:\Users\shahmna\Documents\Workspace\git\Prototype\ABC.NetCore.ProblemSolving\WebApp\app\core\services\thing-data.service.js.map
C:\Users\shahmna\Documents\Workspace\git\Prototype\ABC.NetCore.ProblemSolving\WebApp\app\core\core.module.js
C:\Users\shahmna\Documents\Workspace\git\Prototype\ABC.NetCore.ProblemSolving\WebApp\app\core\core.module.js.map
C:\Users\shahmna\Documents\Workspace\git\Prototype\ABC.NetCore.ProblemSolving\WebApp\app\home\components\customer-register.component.js
C:\Users\shahmna\Documents\Workspace\git\Prototype\ABC.NetCore.ProblemSolving\WebApp\app\home\components\customer-register.component.js.map
C:\Users\shahmna\Documents\Workspace\git\Prototype\ABC.NetCore.ProblemSolving\WebApp\app\home\components\sappart-selector.component.js
C:\Users\shahmna\Documents\Workspace\git\Prototype\ABC.NetCore.ProblemSolving\WebApp\app\home\components\sappart-selector.component.js.map
C:\Users\shahmna\Documents\Workspace\git\Prototype\ABC.NetCore.ProblemSolving\WebApp\app\home\components\home.component.js
C:\Users\shahmna\Documents\Workspace\git\Prototype\ABC.NetCore.ProblemSolving\WebApp\app\home\components\home.component.js.map
C:\Users\shahmna\Documents\Workspace\git\Prototype\ABC.NetCore.ProblemSolving\WebApp\app\home\home.routes.js
C:\Users\shahmna\Documents\Workspace\git\Prototype\ABC.NetCore.ProblemSolving\WebApp\app\home\home.routes.js.map
C:\Users\shahmna\Documents\Workspace\git\Prototype\ABC.NetCore.ProblemSolving\WebApp\app\home\home.module.js
C:\Users\shahmna\Documents\Workspace\git\Prototype\ABC.NetCore.ProblemSolving\WebApp\app\home\home.module.js.map
C:\Users\shahmna\Documents\Workspace\git\Prototype\ABC.NetCore.ProblemSolving\WebApp\app\shared\components\sidebar\sidebar.component.js
C:\Users\shahmna\Documents\Workspace\git\Prototype\ABC.NetCore.ProblemSolving\WebApp\app\shared\components\sidebar\sidebar.component.js.map
C:\Users\shahmna\Documents\Workspace\git\Prototype\ABC.NetCore.ProblemSolving\WebApp\app\shared\components\navbar\navbar.component.js
C:\Users\shahmna\Documents\Workspace\git\Prototype\ABC.NetCore.ProblemSolving\WebApp\app\shared\components\navbar\navbar.component.js.map
C:\Users\shahmna\Documents\Workspace\git\Prototype\ABC.NetCore.ProblemSolving\WebApp\app\shared\shared.module.js
C:\Users\shahmna\Documents\Workspace\git\Prototype\ABC.NetCore.ProblemSolving\WebApp\app\shared\shared.module.js.map
C:\Users\shahmna\Documents\Workspace\git\Prototype\ABC.NetCore.ProblemSolving\WebApp\app\app.module.js
C:\Users\shahmna\Documents\Workspace\git\Prototype\ABC.NetCore.ProblemSolving\WebApp\app\app.module.js.map
C:\Users\shahmna\Documents\Workspace\git\Prototype\ABC.NetCore.ProblemSolving\WebApp\main.js
C:\Users\shahmna\Documents\Workspace\git\Prototype\ABC.NetCore.ProblemSolving\WebApp\main.js.map
C:\Users\shahmna\Documents\Workspace\git\Prototype\ABC.NetCore.ProblemSolving\WebApp\polyfills.js
C:\Users\shahmna\Documents\Workspace\git\Prototype\ABC.NetCore.ProblemSolving\WebApp\polyfills.js.map
C:\Users\shahmna\Documents\Workspace\git\Prototype\ABC.NetCore.ProblemSolving\WebApp\vendor.js
C:\Users\shahmna\Documents\Workspace\git\Prototype\ABC.NetCore.ProblemSolving\WebApp\vendor.js.map
C:\Users\shahmna\Documents\Workspace\git\Prototype\ABC.NetCore.ProblemSolving\WebApp\app\core\services\http.service.ts.js
C:\Users\shahmna\Documents\Workspace\git\Prototype\ABC.NetCore.ProblemSolving\WebApp\app\core\services\http.service.ts.js.map
C:\Users\shahmna\Documents\Workspace\git\Prototype\ABC.NetCore.ProblemSolving\WebApp\app\about\components\about.component.js
C:\Users\shahmna\Documents\Workspace\git\Prototype\ABC.NetCore.ProblemSolving\WebApp\app\about\components\about.component.js.map
C:\Users\shahmna\Documents\Workspace\git\Prototype\ABC.NetCore.ProblemSolving\WebApp\app\about\about.routes.js
C:\Users\shahmna\Documents\Workspace\git\Prototype\ABC.NetCore.ProblemSolving\WebApp\app\about\about.routes.js.map
C:\Users\shahmna\Documents\Workspace\git\Prototype\ABC.NetCore.ProblemSolving\WebApp\app\about\about.module.js
C:\Users\shahmna\Documents\Workspace\git\Prototype\ABC.NetCore.ProblemSolving\WebApp\app\about\about.module.js.map
C:\Users\shahmna\Documents\Workspace\git\Prototype\ABC.NetCore.ProblemSolving\WebApp\app\app.component.js
C:\Users\shahmna\Documents\Workspace\git\Prototype\ABC.NetCore.ProblemSolving\WebApp\app\app.component.js.map
C:\Users\shahmna\Documents\Workspace\git\Prototype\ABC.NetCore.ProblemSolving\WebApp\app\app.routes.js
C:\Users\shahmna\Documents\Workspace\git\Prototype\ABC.NetCore.ProblemSolving\WebApp\app\app.routes.js.map
C:\Users\shahmna\Documents\Workspace\git\Prototype\ABC.NetCore.ProblemSolving\WebApp\app\app.constants.js
C:\Users\shahmna\Documents\Workspace\git\Prototype\ABC.NetCore.ProblemSolving\WebApp\app\app.constants.js.map
C:\Users\shahmna\Documents\Workspace\git\Prototype\ABC.NetCore.ProblemSolving\WebApp\app\models\thing.js
C:\Users\shahmna\Documents\Workspace\git\Prototype\ABC.NetCore.ProblemSolving\WebApp\app\models\thing.js.map
C:\Users\shahmna\Documents\Workspace\git\Prototype\ABC.NetCore.ProblemSolving\WebApp\app\core\services\thing-data.service.js
C:\Users\shahmna\Documents\Workspace\git\Prototype\ABC.NetCore.ProblemSolving\WebApp\app\core\services\thing-data.service.js.map
C:\Users\shahmna\Documents\Workspace\git\Prototype\ABC.NetCore.ProblemSolving\WebApp\app\core\core.module.js
C:\Users\shahmna\Documents\Workspace\git\Prototype\ABC.NetCore.ProblemSolving\WebApp\app\core\core.module.js.map
C:\Users\shahmna\Documents\Workspace\git\Prototype\ABC.NetCore.ProblemSolving\WebApp\app\home\components\customer-register.component.js
C:\Users\shahmna\Documents\Workspace\git\Prototype\ABC.NetCore.ProblemSolving\WebApp\app\home\components\customer-register.component.js.map
C:\Users\shahmna\Documents\Workspace\git\Prototype\ABC.NetCore.ProblemSolving\WebApp\app\home\components\sappart-selector.component.js
C:\Users\shahmna\Documents\Workspace\git\Prototype\ABC.NetCore.ProblemSolving\WebApp\app\home\components\sappart-selector.component.js.map
C:\Users\shahmna\Documents\Workspace\git\Prototype\ABC.NetCore.ProblemSolving\WebApp\app\home\components\home.component.js
C:\Users\shahmna\Documents\Workspace\git\Prototype\ABC.NetCore.ProblemSolving\WebApp\app\home\components\home.component.js.map
C:\Users\shahmna\Documents\Workspace\git\Prototype\ABC.NetCore.ProblemSolving\WebApp\app\home\home.routes.js
C:\Users\shahmna\Documents\Workspace\git\Prototype\ABC.NetCore.ProblemSolving\WebApp\app\home\home.routes.js.map
C:\Users\shahmna\Documents\Workspace\git\Prototype\ABC.NetCore.ProblemSolving\WebApp\app\home\home.module.js
C:\Users\shahmna\Documents\Workspace\git\Prototype\ABC.NetCore.ProblemSolving\WebApp\app\home\home.module.js.map
C:\Users\shahmna\Documents\Workspace\git\Prototype\ABC.NetCore.ProblemSolving\WebApp\app\shared\components\sidebar\sidebar.component.js
C:\Users\shahmna\Documents\Workspace\git\Prototype\ABC.NetCore.ProblemSolving\WebApp\app\shared\components\sidebar\sidebar.component.js.map
C:\Users\shahmna\Documents\Workspace\git\Prototype\ABC.NetCore.ProblemSolving\WebApp\app\shared\components\navbar\navbar.component.js
C:\Users\shahmna\Documents\Workspace\git\Prototype\ABC.NetCore.ProblemSolving\WebApp\app\shared\components\navbar\navbar.component.js.map
C:\Users\shahmna\Documents\Workspace\git\Prototype\ABC.NetCore.ProblemSolving\WebApp\app\shared\shared.module.js
C:\Users\shahmna\Documents\Workspace\git\Prototype\ABC.NetCore.ProblemSolving\WebApp\app\shared\shared.module.js.map
C:\Users\shahmna\Documents\Workspace\git\Prototype\ABC.NetCore.ProblemSolving\WebApp\app\app.module.js
C:\Users\shahmna\Documents\Workspace\git\Prototype\ABC.NetCore.ProblemSolving\WebApp\app\app.module.js.map
C:\Users\shahmna\Documents\Workspace\git\Prototype\ABC.NetCore.ProblemSolving\WebApp\main.js
C:\Users\shahmna\Documents\Workspace\git\Prototype\ABC.NetCore.ProblemSolving\WebApp\main.js.map
C:\Users\shahmna\Documents\Workspace\git\Prototype\ABC.NetCore.ProblemSolving\WebApp\polyfills.js
C:\Users\shahmna\Documents\Workspace\git\Prototype\ABC.NetCore.ProblemSolving\WebApp\polyfills.js.map
C:\Users\shahmna\Documents\Workspace\git\Prototype\ABC.NetCore.ProblemSolving\WebApp\vendor.js
C:\Users\shahmna\Documents\Workspace\git\Prototype\ABC.NetCore.ProblemSolving\WebApp\vendor.js.map
C:\Users\shahmna\Documents\Workspace\git\Prototype\ABC.NetCore.ProblemSolving\WebApp\app\core\services\http.service.ts.js
C:\Users\shahmna\Documents\Workspace\git\Prototype\ABC.NetCore.ProblemSolving\WebApp\app\core\services\http.service.ts.js.map
C:\Users\shahmna\Documents\Workspace\git\Prototype\ABC.NetCore.ProblemSolving\WebApp\app\about\components\about.component.js
C:\Users\shahmna\Documents\Workspace\git\Prototype\ABC.NetCore.ProblemSolving\WebApp\app\about\components\about.component.js.map
C:\Users\shahmna\Documents\Workspace\git\Prototype\ABC.NetCore.ProblemSolving\WebApp\app\about\about.routes.js
C:\Users\shahmna\Documents\Workspace\git\Prototype\ABC.NetCore.ProblemSolving\WebApp\app\about\about.routes.js.map
C:\Users\shahmna\Documents\Workspace\git\Prototype\ABC.NetCore.ProblemSolving\WebApp\app\about\about.module.js
C:\Users\shahmna\Documents\Workspace\git\Prototype\ABC.NetCore.ProblemSolving\WebApp\app\about\about.module.js.map
C:\Users\shahmna\Documents\Workspace\git\Prototype\ABC.NetCore.ProblemSolving\WebApp\app\app.component.js
C:\Users\shahmna\Documents\Workspace\git\Prototype\ABC.NetCore.ProblemSolving\WebApp\app\app.component.js.map
C:\Users\shahmna\Documents\Workspace\git\Prototype\ABC.NetCore.ProblemSolving\WebApp\app\app.routes.js
C:\Users\shahmna\Documents\Workspace\git\Prototype\ABC.NetCore.ProblemSolving\WebApp\app\app.routes.js.map
C:\Users\shahmna\Documents\Workspace\git\Prototype\ABC.NetCore.ProblemSolving\WebApp\app\app.constants.js
C:\Users\shahmna\Documents\Workspace\git\Prototype\ABC.NetCore.ProblemSolving\WebApp\app\app.constants.js.map
C:\Users\shahmna\Documents\Workspace\git\Prototype\ABC.NetCore.ProblemSolving\WebApp\app\models\thing.js
C:\Users\shahmna\Documents\Workspace\git\Prototype\ABC.NetCore.ProblemSolving\WebApp\app\models\thing.js.map
C:\Users\shahmna\Documents\Workspace\git\Prototype\ABC.NetCore.ProblemSolving\WebApp\app\core\services\thing-data.service.js
C:\Users\shahmna\Documents\Workspace\git\Prototype\ABC.NetCore.ProblemSolving\WebApp\app\core\services\thing-data.service.js.map
C:\Users\shahmna\Documents\Workspace\git\Prototype\ABC.NetCore.ProblemSolving\WebApp\app\core\core.module.js
C:\Users\shahmna\Documents\Workspace\git\Prototype\ABC.NetCore.ProblemSolving\WebApp\app\core\core.module.js.map
C:\Users\shahmna\Documents\Workspace\git\Prototype\ABC.NetCore.ProblemSolving\WebApp\app\home\components\customer-register.component.js
C:\Users\shahmna\Documents\Workspace\git\Prototype\ABC.NetCore.ProblemSolving\WebApp\app\home\components\customer-register.component.js.map
C:\Users\shahmna\Documents\Workspace\git\Prototype\ABC.NetCore.ProblemSolving\WebApp\app\home\components\sappart-selector.component.js
C:\Users\shahmna\Documents\Workspace\git\Prototype\ABC.NetCore.ProblemSolving\WebApp\app\home\components\sappart-selector.component.js.map
C:\Users\shahmna\Documents\Workspace\git\Prototype\ABC.NetCore.ProblemSolving\WebApp\app\home\components\home.component.js
C:\Users\shahmna\Documents\Workspace\git\Prototype\ABC.NetCore.ProblemSolving\WebApp\app\home\components\home.component.js.map
C:\Users\shahmna\Documents\Workspace\git\Prototype\ABC.NetCore.ProblemSolving\WebApp\app\home\home.routes.js
C:\Users\shahmna\Documents\Workspace\git\Prototype\ABC.NetCore.ProblemSolving\WebApp\app\home\home.routes.js.map
C:\Users\shahmna\Documents\Workspace\git\Prototype\ABC.NetCore.ProblemSolving\WebApp\app\home\home.module.js
C:\Users\shahmna\Documents\Workspace\git\Prototype\ABC.NetCore.ProblemSolving\WebApp\app\home\home.module.js.map
C:\Users\shahmna\Documents\Workspace\git\Prototype\ABC.NetCore.ProblemSolving\WebApp\app\shared\components\sidebar\sidebar.component.js
C:\Users\shahmna\Documents\Workspace\git\Prototype\ABC.NetCore.ProblemSolving\WebApp\app\shared\components\sidebar\sidebar.component.js.map
C:\Users\shahmna\Documents\Workspace\git\Prototype\ABC.NetCore.ProblemSolving\WebApp\app\shared\components\navbar\navbar.component.js
C:\Users\shahmna\Documents\Workspace\git\Prototype\ABC.NetCore.ProblemSolving\WebApp\app\shared\components\navbar\navbar.component.js.map
C:\Users\shahmna\Documents\Workspace\git\Prototype\ABC.NetCore.ProblemSolving\WebApp\app\shared\shared.module.js
C:\Users\shahmna\Documents\Workspace\git\Prototype\ABC.NetCore.ProblemSolving\WebApp\app\shared\shared.module.js.map
C:\Users\shahmna\Documents\Workspace\git\Prototype\ABC.NetCore.ProblemSolving\WebApp\app\app.module.js
C:\Users\shahmna\Documents\Workspace\git\Prototype\ABC.NetCore.ProblemSolving\WebApp\app\app.module.js.map
C:\Users\shahmna\Documents\Workspace\git\Prototype\ABC.NetCore.ProblemSolving\WebApp\main.js
C:\Users\shahmna\Documents\Workspace\git\Prototype\ABC.NetCore.ProblemSolving\WebApp\main.js.map
C:\Users\shahmna\Documents\Workspace\git\Prototype\ABC.NetCore.ProblemSolving\WebApp\polyfills.js
C:\Users\shahmna\Documents\Workspace\git\Prototype\ABC.NetCore.ProblemSolving\WebApp\polyfills.js.map
C:\Users\shahmna\Documents\Workspace\git\Prototype\ABC.NetCore.ProblemSolving\WebApp\vendor.js
C:\Users\shahmna\Documents\Workspace\git\Prototype\ABC.NetCore.ProblemSolving\WebApp\vendor.js.map
C:\Users\shahmna\Documents\Workspace\git\Prototype\ABC.NetCore.ProblemSolving\WebApp\app\core\services\http.service.ts.js
C:\Users\shahmna\Documents\Workspace\git\Prototype\ABC.NetCore.ProblemSolving\WebApp\app\core\services\http.service.ts.js.map
C:\Users\shahmna\Documents\Workspace\git\Prototype\ABC.NetCore.ProblemSolving\WebApp\app\about\components\about.component.js
C:\Users\shahmna\Documents\Workspace\git\Prototype\ABC.NetCore.ProblemSolving\WebApp\app\about\components\about.component.js.map
C:\Users\shahmna\Documents\Workspace\git\Prototype\ABC.NetCore.ProblemSolving\WebApp\app\about\about.routes.js
C:\Users\shahmna\Documents\Workspace\git\Prototype\ABC.NetCore.ProblemSolving\WebApp\app\about\about.routes.js.map
C:\Users\shahmna\Documents\Workspace\git\Prototype\ABC.NetCore.ProblemSolving\WebApp\app\about\about.module.js
C:\Users\shahmna\Documents\Workspace\git\Prototype\ABC.NetCore.ProblemSolving\WebApp\app\about\about.module.js.map
C:\Users\shahmna\Documents\Workspace\git\Prototype\ABC.NetCore.ProblemSolving\WebApp\app\app.component.js
C:\Users\shahmna\Documents\Workspace\git\Prototype\ABC.NetCore.ProblemSolving\WebApp\app\app.component.js.map
C:\Users\shahmna\Documents\Workspace\git\Prototype\ABC.NetCore.ProblemSolving\WebApp\app\app.routes.js
C:\Users\shahmna\Documents\Workspace\git\Prototype\ABC.NetCore.ProblemSolving\WebApp\app\app.routes.js.map
C:\Users\shahmna\Documents\Workspace\git\Prototype\ABC.NetCore.ProblemSolving\WebApp\app\app.constants.js
C:\Users\shahmna\Documents\Workspace\git\Prototype\ABC.NetCore.ProblemSolving\WebApp\app\app.constants.js.map
C:\Users\shahmna\Documents\Workspace\git\Prototype\ABC.NetCore.ProblemSolving\WebApp\app\models\thing.js
C:\Users\shahmna\Documents\Workspace\git\Prototype\ABC.NetCore.ProblemSolving\WebApp\app\models\thing.js.map
C:\Users\shahmna\Documents\Workspace\git\Prototype\ABC.NetCore.ProblemSolving\WebApp\app\core\services\thing-data.service.js
C:\Users\shahmna\Documents\Workspace\git\Prototype\ABC.NetCore.ProblemSolving\WebApp\app\core\services\thing-data.service.js.map
C:\Users\shahmna\Documents\Workspace\git\Prototype\ABC.NetCore.ProblemSolving\WebApp\app\core\core.module.js
C:\Users\shahmna\Documents\Workspace\git\Prototype\ABC.NetCore.ProblemSolving\WebApp\app\core\core.module.js.map
C:\Users\shahmna\Documents\Workspace\git\Prototype\ABC.NetCore.ProblemSolving\WebApp\app\home\components\customer-register.component.js
C:\Users\shahmna\Documents\Workspace\git\Prototype\ABC.NetCore.ProblemSolving\WebApp\app\home\components\customer-register.component.js.map
C:\Users\shahmna\Documents\Workspace\git\Prototype\ABC.NetCore.ProblemSolving\WebApp\app\home\components\sappart-selector.component.js
C:\Users\shahmna\Documents\Workspace\git\Prototype\ABC.NetCore.ProblemSolving\WebApp\app\home\components\sappart-selector.component.js.map
C:\Users\shahmna\Documents\Workspace\git\Prototype\ABC.NetCore.ProblemSolving\WebApp\app\home\components\home.component.js
C:\Users\shahmna\Documents\Workspace\git\Prototype\ABC.NetCore.ProblemSolving\WebApp\app\home\components\home.component.js.map
C:\Users\shahmna\Documents\Workspace\git\Prototype\ABC.NetCore.ProblemSolving\WebApp\app\home\home.routes.js
C:\Users\shahmna\Documents\Workspace\git\Prototype\ABC.NetCore.ProblemSolving\WebApp\app\home\home.routes.js.map
C:\Users\shahmna\Documents\Workspace\git\Prototype\ABC.NetCore.ProblemSolving\WebApp\app\home\home.module.js
C:\Users\shahmna\Documents\Workspace\git\Prototype\ABC.NetCore.ProblemSolving\WebApp\app\home\home.module.js.map
C:\Users\shahmna\Documents\Workspace\git\Prototype\ABC.NetCore.ProblemSolving\WebApp\app\shared\components\sidebar\sidebar.component.js
C:\Users\shahmna\Documents\Workspace\git\Prototype\ABC.NetCore.ProblemSolving\WebApp\app\shared\components\sidebar\sidebar.component.js.map
C:\Users\shahmna\Documents\Workspace\git\Prototype\ABC.NetCore.ProblemSolving\WebApp\app\shared\components\navbar\navbar.component.js
C:\Users\shahmna\Documents\Workspace\git\Prototype\ABC.NetCore.ProblemSolving\WebApp\app\shared\components\navbar\navbar.component.js.map
C:\Users\shahmna\Documents\Workspace\git\Prototype\ABC.NetCore.ProblemSolving\WebApp\app\shared\shared.module.js
C:\Users\shahmna\Documents\Workspace\git\Prototype\ABC.NetCore.ProblemSolving\WebApp\app\shared\shared.module.js.map
C:\Users\shahmna\Documents\Workspace\git\Prototype\ABC.NetCore.ProblemSolving\WebApp\app\app.module.js
C:\Users\shahmna\Documents\Workspace\git\Prototype\ABC.NetCore.ProblemSolving\WebApp\app\app.module.js.map
C:\Users\shahmna\Documents\Workspace\git\Prototype\ABC.NetCore.ProblemSolving\WebApp\main.js
C:\Users\shahmna\Documents\Workspace\git\Prototype\ABC.NetCore.ProblemSolving\WebApp\main.js.map
C:\Users\shahmna\Documents\Workspace\git\Prototype\ABC.NetCore.ProblemSolving\WebApp\polyfills.js
C:\Users\shahmna\Documents\Workspace\git\Prototype\ABC.NetCore.ProblemSolving\WebApp\polyfills.js.map
C:\Users\shahmna\Documents\Workspace\git\Prototype\ABC.NetCore.ProblemSolving\WebApp\vendor.js
C:\Users\shahmna\Documents\Workspace\git\Prototype\ABC.NetCore.ProblemSolving\WebApp\vendor.js.map
C:\Users\shahmna\Documents\Workspace\git\Prototype\ABC.NetCore.ProblemSolving\WebApp\app\core\services\http.service.ts.js
C:\Users\shahmna\Documents\Workspace\git\Prototype\ABC.NetCore.ProblemSolving\WebApp\app\core\services\http.service.ts.js.map
C:\Users\shahmna\Documents\Workspace\git\Prototype\ABC.NetCore.ProblemSolving\WebApp\app\about\components\about.component.js
C:\Users\shahmna\Documents\Workspace\git\Prototype\ABC.NetCore.ProblemSolving\WebApp\app\about\components\about.component.js.map
C:\Users\shahmna\Documents\Workspace\git\Prototype\ABC.NetCore.ProblemSolving\WebApp\app\about\about.routes.js
C:\Users\shahmna\Documents\Workspace\git\Prototype\ABC.NetCore.ProblemSolving\WebApp\app\about\about.routes.js.map
C:\Users\shahmna\Documents\Workspace\git\Prototype\ABC.NetCore.ProblemSolving\WebApp\app\about\about.module.js
C:\Users\shahmna\Documents\Workspace\git\Prototype\ABC.NetCore.ProblemSolving\WebApp\app\about\about.module.js.map
C:\Users\shahmna\Documents\Workspace\git\Prototype\ABC.NetCore.ProblemSolving\WebApp\app\app.component.js
C:\Users\shahmna\Documents\Workspace\git\Prototype\ABC.NetCore.ProblemSolving\WebApp\app\app.component.js.map
C:\Users\shahmna\Documents\Workspace\git\Prototype\ABC.NetCore.ProblemSolving\WebApp\app\app.routes.js
C:\Users\shahmna\Documents\Workspace\git\Prototype\ABC.NetCore.ProblemSolving\WebApp\app\app.routes.js.map
C:\Users\shahmna\Documents\Workspace\git\Prototype\ABC.NetCore.ProblemSolving\WebApp\app\app.constants.js
C:\Users\shahmna\Documents\Workspace\git\Prototype\ABC.NetCore.ProblemSolving\WebApp\app\app.constants.js.map
C:\Users\shahmna\Documents\Workspace\git\Prototype\ABC.NetCore.ProblemSolving\WebApp\app\models\thing.js
C:\Users\shahmna\Documents\Workspace\git\Prototype\ABC.NetCore.ProblemSolving\WebApp\app\models\thing.js.map
C:\Users\shahmna\Documents\Workspace\git\Prototype\ABC.NetCore.ProblemSolving\WebApp\app\core\services\thing-data.service.js
C:\Users\shahmna\Documents\Workspace\git\Prototype\ABC.NetCore.ProblemSolving\WebApp\app\core\services\thing-data.service.js.map
C:\Users\shahmna\Documents\Workspace\git\Prototype\ABC.NetCore.ProblemSolving\WebApp\app\core\core.module.js
C:\Users\shahmna\Documents\Workspace\git\Prototype\ABC.NetCore.ProblemSolving\WebApp\app\core\core.module.js.map
C:\Users\shahmna\Documents\Workspace\git\Prototype\ABC.NetCore.ProblemSolving\WebApp\app\home\components\customer-register.component.js
C:\Users\shahmna\Documents\Workspace\git\Prototype\ABC.NetCore.ProblemSolving\WebApp\app\home\components\customer-register.component.js.map
C:\Users\shahmna\Documents\Workspace\git\Prototype\ABC.NetCore.ProblemSolving\WebApp\app\home\components\sappart-selector.component.js
C:\Users\shahmna\Documents\Workspace\git\Prototype\ABC.NetCore.ProblemSolving\WebApp\app\home\components\sappart-selector.component.js.map
C:\Users\shahmna\Documents\Workspace\git\Prototype\ABC.NetCore.ProblemSolving\WebApp\app\home\components\home.component.js
C:\Users\shahmna\Documents\Workspace\git\Prototype\ABC.NetCore.ProblemSolving\WebApp\app\home\components\home.component.js.map
C:\Users\shahmna\Documents\Workspace\git\Prototype\ABC.NetCore.ProblemSolving\WebApp\app\home\home.routes.js
C:\Users\shahmna\Documents\Workspace\git\Prototype\ABC.NetCore.ProblemSolving\WebApp\app\home\home.routes.js.map
C:\Users\shahmna\Documents\Workspace\git\Prototype\ABC.NetCore.ProblemSolving\WebApp\app\home\home.module.js
C:\Users\shahmna\Documents\Workspace\git\Prototype\ABC.NetCore.ProblemSolving\WebApp\app\home\home.module.js.map
C:\Users\shahmna\Documents\Workspace\git\Prototype\ABC.NetCore.ProblemSolving\WebApp\app\shared\components\sidebar\sidebar.component.js
C:\Users\shahmna\Documents\Workspace\git\Prototype\ABC.NetCore.ProblemSolving\WebApp\app\shared\components\sidebar\sidebar.component.js.map
C:\Users\shahmna\Documents\Workspace\git\Prototype\ABC.NetCore.ProblemSolving\WebApp\app\shared\components\navbar\navbar.component.js
C:\Users\shahmna\Documents\Workspace\git\Prototype\ABC.NetCore.ProblemSolving\WebApp\app\shared\components\navbar\navbar.component.js.map
C:\Users\shahmna\Documents\Workspace\git\Prototype\ABC.NetCore.ProblemSolving\WebApp\app\shared\shared.module.js
C:\Users\shahmna\Documents\Workspace\git\Prototype\ABC.NetCore.ProblemSolving\WebApp\app\shared\shared.module.js.map
C:\Users\shahmna\Documents\Workspace\git\Prototype\ABC.NetCore.ProblemSolving\WebApp\app\app.module.js
C:\Users\shahmna\Documents\Workspace\git\Prototype\ABC.NetCore.ProblemSolving\WebApp\app\app.module.js.map
C:\Users\shahmna\Documents\Workspace\git\Prototype\ABC.NetCore.ProblemSolving\WebApp\main.js
C:\Users\shahmna\Documents\Workspace\git\Prototype\ABC.NetCore.ProblemSolving\WebApp\main.js.map
C:\Users\shahmna\Documents\Workspace\git\Prototype\ABC.NetCore.ProblemSolving\WebApp\polyfills.js
C:\Users\shahmna\Documents\Workspace\git\Prototype\ABC.NetCore.ProblemSolving\WebApp\polyfills.js.map
C:\Users\shahmna\Documents\Workspace\git\Prototype\ABC.NetCore.ProblemSolving\WebApp\vendor.js
C:\Users\shahmna\Documents\Workspace\git\Prototype\ABC.NetCore.ProblemSolving\WebApp\vendor.js.map
C:\Users\shahmna\Documents\Workspace\git\Prototype\ABC.NetCore.ProblemSolving\WebApp\app\core\services\http.service.ts.js
C:\Users\shahmna\Documents\Workspace\git\Prototype\ABC.NetCore.ProblemSolving\WebApp\app\core\services\http.service.ts.js.map
C:\Users\shahmna\Documents\Workspace\git\Prototype\ABC.NetCore.ProblemSolving\WebApp\app\about\components\about.component.js
C:\Users\shahmna\Documents\Workspace\git\Prototype\ABC.NetCore.ProblemSolving\WebApp\app\about\components\about.component.js.map
C:\Users\shahmna\Documents\Workspace\git\Prototype\ABC.NetCore.ProblemSolving\WebApp\app\about\about.routes.js
C:\Users\shahmna\Documents\Workspace\git\Prototype\ABC.NetCore.ProblemSolving\WebApp\app\about\about.routes.js.map
C:\Users\shahmna\Documents\Workspace\git\Prototype\ABC.NetCore.ProblemSolving\WebApp\app\about\about.module.js
C:\Users\shahmna\Documents\Workspace\git\Prototype\ABC.NetCore.ProblemSolving\WebApp\app\about\about.module.js.map
C:\Users\shahmna\Documents\Workspace\git\Prototype\ABC.NetCore.ProblemSolving\WebApp\app\app.component.js
C:\Users\shahmna\Documents\Workspace\git\Prototype\ABC.NetCore.ProblemSolving\WebApp\app\app.component.js.map
C:\Users\shahmna\Documents\Workspace\git\Prototype\ABC.NetCore.ProblemSolving\WebApp\app\app.routes.js
C:\Users\shahmna\Documents\Workspace\git\Prototype\ABC.NetCore.ProblemSolving\WebApp\app\app.routes.js.map
C:\Users\shahmna\Documents\Workspace\git\Prototype\ABC.NetCore.ProblemSolving\WebApp\app\app.constants.js
C:\Users\shahmna\Documents\Workspace\git\Prototype\ABC.NetCore.ProblemSolving\WebApp\app\app.constants.js.map
C:\Users\shahmna\Documents\Workspace\git\Prototype\ABC.NetCore.ProblemSolving\WebApp\app\models\thing.js
C:\Users\shahmna\Documents\Workspace\git\Prototype\ABC.NetCore.ProblemSolving\WebApp\app\models\thing.js.map
C:\Users\shahmna\Documents\Workspace\git\Prototype\ABC.NetCore.ProblemSolving\WebApp\app\core\services\thing-data.service.js
C:\Users\shahmna\Documents\Workspace\git\Prototype\ABC.NetCore.ProblemSolving\WebApp\app\core\services\thing-data.service.js.map
C:\Users\shahmna\Documents\Workspace\git\Prototype\ABC.NetCore.ProblemSolving\WebApp\app\core\core.module.js
C:\Users\shahmna\Documents\Workspace\git\Prototype\ABC.NetCore.ProblemSolving\WebApp\app\core\core.module.js.map
C:\Users\shahmna\Documents\Workspace\git\Prototype\ABC.NetCore.ProblemSolving\WebApp\app\home\components\customer-register.component.js
C:\Users\shahmna\Documents\Workspace\git\Prototype\ABC.NetCore.ProblemSolving\WebApp\app\home\components\customer-register.component.js.map
C:\Users\shahmna\Documents\Workspace\git\Prototype\ABC.NetCore.ProblemSolving\WebApp\app\home\components\sappart-selector.component.js
C:\Users\shahmna\Documents\Workspace\git\Prototype\ABC.NetCore.ProblemSolving\WebApp\app\home\components\sappart-selector.component.js.map
C:\Users\shahmna\Documents\Workspace\git\Prototype\ABC.NetCore.ProblemSolving\WebApp\app\home\components\home.component.js
C:\Users\shahmna\Documents\Workspace\git\Prototype\ABC.NetCore.ProblemSolving\WebApp\app\home\components\home.component.js.map
C:\Users\shahmna\Documents\Workspace\git\Prototype\ABC.NetCore.ProblemSolving\WebApp\app\home\home.routes.js
C:\Users\shahmna\Documents\Workspace\git\Prototype\ABC.NetCore.ProblemSolving\WebApp\app\home\home.routes.js.map
C:\Users\shahmna\Documents\Workspace\git\Prototype\ABC.NetCore.ProblemSolving\WebApp\app\home\home.module.js
C:\Users\shahmna\Documents\Workspace\git\Prototype\ABC.NetCore.ProblemSolving\WebApp\app\home\home.module.js.map
C:\Users\shahmna\Documents\Workspace\git\Prototype\ABC.NetCore.ProblemSolving\WebApp\app\shared\components\sidebar\sidebar.component.js
C:\Users\shahmna\Documents\Workspace\git\Prototype\ABC.NetCore.ProblemSolving\WebApp\app\shared\components\sidebar\sidebar.component.js.map
C:\Users\shahmna\Documents\Workspace\git\Prototype\ABC.NetCore.ProblemSolving\WebApp\app\shared\components\navbar\navbar.component.js
C:\Users\shahmna\Documents\Workspace\git\Prototype\ABC.NetCore.ProblemSolving\WebApp\app\shared\components\navbar\navbar.component.js.map
C:\Users\shahmna\Documents\Workspace\git\Prototype\ABC.NetCore.ProblemSolving\WebApp\app\shared\shared.module.js
C:\Users\shahmna\Documents\Workspace\git\Prototype\ABC.NetCore.ProblemSolving\WebApp\app\shared\shared.module.js.map
C:\Users\shahmna\Documents\Workspace\git\Prototype\ABC.NetCore.ProblemSolving\WebApp\app\app.module.js
C:\Users\shahmna\Documents\Workspace\git\Prototype\ABC.NetCore.ProblemSolving\WebApp\app\app.module.js.map
C:\Users\shahmna\Documents\Workspace\git\Prototype\ABC.NetCore.ProblemSolving\WebApp\main.js
C:\Users\shahmna\Documents\Workspace\git\Prototype\ABC.NetCore.ProblemSolving\WebApp\main.js.map
C:\Users\shahmna\Documents\Workspace\git\Prototype\ABC.NetCore.ProblemSolving\WebApp\polyfills.js
C:\Users\shahmna\Documents\Workspace\git\Prototype\ABC.NetCore.ProblemSolving\WebApp\polyfills.js.map
C:\Users\shahmna\Documents\Workspace\git\Prototype\ABC.NetCore.ProblemSolving\WebApp\vendor.js
C:\Users\shahmna\Documents\Workspace\git\Prototype\ABC.NetCore.ProblemSolving\WebApp\vendor.js.map
C:\Users\shahmna\Documents\Workspace\git\Prototype\ABC.NetCore.ProblemSolving\WebApp\app\core\services\http.service.ts.js
C:\Users\shahmna\Documents\Workspace\git\Prototype\ABC.NetCore.ProblemSolving\WebApp\app\core\services\http.service.ts.js.map
C:\Users\shahmna\Documents\Workspace\git\Prototype\ABC.NetCore.ProblemSolving\WebApp\app\about\components\about.component.js
C:\Users\shahmna\Documents\Workspace\git\Prototype\ABC.NetCore.ProblemSolving\WebApp\app\about\components\about.component.js.map
C:\Users\shahmna\Documents\Workspace\git\Prototype\ABC.NetCore.ProblemSolving\WebApp\app\about\about.routes.js
C:\Users\shahmna\Documents\Workspace\git\Prototype\ABC.NetCore.ProblemSolving\WebApp\app\about\about.routes.js.map
C:\Users\shahmna\Documents\Workspace\git\Prototype\ABC.NetCore.ProblemSolving\WebApp\app\about\about.module.js
C:\Users\shahmna\Documents\Workspace\git\Prototype\ABC.NetCore.ProblemSolving\WebApp\app\about\about.module.js.map
